[2019-01-12T17:17:13.025] [ERROR] cheese - { Error: ENOENT: no such file or directory, open '/Users/pecoo/Desktop/wulan/node/views/create.html'
  errno: -2,
  code: 'ENOENT',
  syscall: 'open',
  path: '/Users/pecoo/Desktop/wulan/node/views/create.html' }
[2019-01-12T17:47:28.627] [ERROR] cheese - { Error: ENOENT: no such file or directory, open '/Users/pecoo/Desktop/wulan/node/views/create.html'
  errno: -2,
  code: 'ENOENT',
  syscall: 'open',
  path: '/Users/pecoo/Desktop/wulan/node/views/create.html' }
[2019-01-12T17:47:29.830] [ERROR] cheese - { Error: ENOENT: no such file or directory, open '/Users/pecoo/Desktop/wulan/node/views/create.html'
  errno: -2,
  code: 'ENOENT',
  syscall: 'open',
  path: '/Users/pecoo/Desktop/wulan/node/views/create.html' }
[2019-01-12T17:47:30.849] [ERROR] cheese - { Error: ENOENT: no such file or directory, open '/Users/pecoo/Desktop/wulan/node/views/create.html'
  errno: -2,
  code: 'ENOENT',
  syscall: 'open',
  path: '/Users/pecoo/Desktop/wulan/node/views/create.html' }
