[2018-12-04T19:31:17.059] [ERROR] cheese - ReferenceError: URLSearchParams is not defined
    at /Users/pecoo/Desktop/wulan/two/koa2yd/controllers/IndexController.js:28:28
    at dispatch (/Users/pecoo/Desktop/wulan/two/koa2yd/node_modules/_koa-simple-router@0.2.0@koa-simple-router/index.js:186:18)
    at Router._lookup (/Users/pecoo/Desktop/wulan/two/koa2yd/node_modules/_koa-simple-router@0.2.0@koa-simple-router/index.js:198:12)
    at /Users/pecoo/Desktop/wulan/two/koa2yd/node_modules/_koa-simple-router@0.2.0@koa-simple-router/index.js:138:21
    at dispatch (/Users/pecoo/Desktop/wulan/two/koa2yd/node_modules/_koa-compose@4.1.0@koa-compose/index.js:42:32)
    at app.use (/Users/pecoo/Desktop/wulan/two/koa2yd/middleawares/errorHandler.js:13:19)
    at dispatch (/Users/pecoo/Desktop/wulan/two/koa2yd/node_modules/_koa-compose@4.1.0@koa-compose/index.js:42:32)
    at app.use (/Users/pecoo/Desktop/wulan/two/koa2yd/middleawares/errorHandler.js:5:23)
    at dispatch (/Users/pecoo/Desktop/wulan/two/koa2yd/node_modules/_koa-compose@4.1.0@koa-compose/index.js:42:32)
    at /Users/pecoo/Desktop/wulan/two/koa2yd/node_modules/_koa-compose@4.1.0@koa-compose/index.js:34:12
[2018-12-04T19:32:12.661] [ERROR] cheese - ReferenceError: URLSearchParams is not defined
    at /Users/pecoo/Desktop/wulan/two/koa2yd/controllers/IndexController.js:28:28
    at dispatch (/Users/pecoo/Desktop/wulan/two/koa2yd/node_modules/_koa-simple-router@0.2.0@koa-simple-router/index.js:186:18)
    at Router._lookup (/Users/pecoo/Desktop/wulan/two/koa2yd/node_modules/_koa-simple-router@0.2.0@koa-simple-router/index.js:198:12)
    at /Users/pecoo/Desktop/wulan/two/koa2yd/node_modules/_koa-simple-router@0.2.0@koa-simple-router/index.js:138:21
    at dispatch (/Users/pecoo/Desktop/wulan/two/koa2yd/node_modules/_koa-compose@4.1.0@koa-compose/index.js:42:32)
    at app.use (/Users/pecoo/Desktop/wulan/two/koa2yd/middleawares/errorHandler.js:13:19)
    at dispatch (/Users/pecoo/Desktop/wulan/two/koa2yd/node_modules/_koa-compose@4.1.0@koa-compose/index.js:42:32)
    at app.use (/Users/pecoo/Desktop/wulan/two/koa2yd/middleawares/errorHandler.js:5:23)
    at dispatch (/Users/pecoo/Desktop/wulan/two/koa2yd/node_modules/_koa-compose@4.1.0@koa-compose/index.js:42:32)
    at /Users/pecoo/Desktop/wulan/two/koa2yd/node_modules/_koa-compose@4.1.0@koa-compose/index.js:34:12
[2018-12-04T19:32:51.587] [ERROR] cheese - ReferenceError: URLSearchParams is not defined
    at /Users/pecoo/Desktop/wulan/two/koa2yd/controllers/IndexController.js:28:28
    at dispatch (/Users/pecoo/Desktop/wulan/two/koa2yd/node_modules/_koa-simple-router@0.2.0@koa-simple-router/index.js:186:18)
    at Router._lookup (/Users/pecoo/Desktop/wulan/two/koa2yd/node_modules/_koa-simple-router@0.2.0@koa-simple-router/index.js:198:12)
    at /Users/pecoo/Desktop/wulan/two/koa2yd/node_modules/_koa-simple-router@0.2.0@koa-simple-router/index.js:138:21
    at dispatch (/Users/pecoo/Desktop/wulan/two/koa2yd/node_modules/_koa-compose@4.1.0@koa-compose/index.js:42:32)
    at app.use (/Users/pecoo/Desktop/wulan/two/koa2yd/middleawares/errorHandler.js:13:19)
    at dispatch (/Users/pecoo/Desktop/wulan/two/koa2yd/node_modules/_koa-compose@4.1.0@koa-compose/index.js:42:32)
    at app.use (/Users/pecoo/Desktop/wulan/two/koa2yd/middleawares/errorHandler.js:5:23)
    at dispatch (/Users/pecoo/Desktop/wulan/two/koa2yd/node_modules/_koa-compose@4.1.0@koa-compose/index.js:42:32)
    at /Users/pecoo/Desktop/wulan/two/koa2yd/node_modules/_koa-compose@4.1.0@koa-compose/index.js:34:12
[2018-12-04T19:36:11.745] [ERROR] cheese - ReferenceError: URLSearchParams is not defined
    at /Users/pecoo/Desktop/wulan/two/koa2yd/controllers/IndexController.js:28:28
    at dispatch (/Users/pecoo/Desktop/wulan/two/koa2yd/node_modules/_koa-simple-router@0.2.0@koa-simple-router/index.js:186:18)
    at Router._lookup (/Users/pecoo/Desktop/wulan/two/koa2yd/node_modules/_koa-simple-router@0.2.0@koa-simple-router/index.js:198:12)
    at /Users/pecoo/Desktop/wulan/two/koa2yd/node_modules/_koa-simple-router@0.2.0@koa-simple-router/index.js:138:21
    at dispatch (/Users/pecoo/Desktop/wulan/two/koa2yd/node_modules/_koa-compose@4.1.0@koa-compose/index.js:42:32)
    at app.use (/Users/pecoo/Desktop/wulan/two/koa2yd/middleawares/errorHandler.js:13:19)
    at dispatch (/Users/pecoo/Desktop/wulan/two/koa2yd/node_modules/_koa-compose@4.1.0@koa-compose/index.js:42:32)
    at app.use (/Users/pecoo/Desktop/wulan/two/koa2yd/middleawares/errorHandler.js:5:23)
    at dispatch (/Users/pecoo/Desktop/wulan/two/koa2yd/node_modules/_koa-compose@4.1.0@koa-compose/index.js:42:32)
    at /Users/pecoo/Desktop/wulan/two/koa2yd/node_modules/_koa-compose@4.1.0@koa-compose/index.js:34:12
[2018-12-04T19:36:13.489] [ERROR] cheese - ReferenceError: URLSearchParams is not defined
    at /Users/pecoo/Desktop/wulan/two/koa2yd/controllers/IndexController.js:28:28
    at dispatch (/Users/pecoo/Desktop/wulan/two/koa2yd/node_modules/_koa-simple-router@0.2.0@koa-simple-router/index.js:186:18)
    at Router._lookup (/Users/pecoo/Desktop/wulan/two/koa2yd/node_modules/_koa-simple-router@0.2.0@koa-simple-router/index.js:198:12)
    at /Users/pecoo/Desktop/wulan/two/koa2yd/node_modules/_koa-simple-router@0.2.0@koa-simple-router/index.js:138:21
    at dispatch (/Users/pecoo/Desktop/wulan/two/koa2yd/node_modules/_koa-compose@4.1.0@koa-compose/index.js:42:32)
    at app.use (/Users/pecoo/Desktop/wulan/two/koa2yd/middleawares/errorHandler.js:13:19)
    at dispatch (/Users/pecoo/Desktop/wulan/two/koa2yd/node_modules/_koa-compose@4.1.0@koa-compose/index.js:42:32)
    at app.use (/Users/pecoo/Desktop/wulan/two/koa2yd/middleawares/errorHandler.js:5:23)
    at dispatch (/Users/pecoo/Desktop/wulan/two/koa2yd/node_modules/_koa-compose@4.1.0@koa-compose/index.js:42:32)
    at /Users/pecoo/Desktop/wulan/two/koa2yd/node_modules/_koa-compose@4.1.0@koa-compose/index.js:34:12
[2018-12-04T19:36:33.716] [ERROR] cheese - ReferenceError: URLSearchParams is not defined
    at /Users/pecoo/Desktop/wulan/two/koa2yd/controllers/IndexController.js:27:28
    at dispatch (/Users/pecoo/Desktop/wulan/two/koa2yd/node_modules/_koa-simple-router@0.2.0@koa-simple-router/index.js:186:18)
    at Router._lookup (/Users/pecoo/Desktop/wulan/two/koa2yd/node_modules/_koa-simple-router@0.2.0@koa-simple-router/index.js:198:12)
    at /Users/pecoo/Desktop/wulan/two/koa2yd/node_modules/_koa-simple-router@0.2.0@koa-simple-router/index.js:138:21
    at dispatch (/Users/pecoo/Desktop/wulan/two/koa2yd/node_modules/_koa-compose@4.1.0@koa-compose/index.js:42:32)
    at app.use (/Users/pecoo/Desktop/wulan/two/koa2yd/middleawares/errorHandler.js:13:19)
    at dispatch (/Users/pecoo/Desktop/wulan/two/koa2yd/node_modules/_koa-compose@4.1.0@koa-compose/index.js:42:32)
    at app.use (/Users/pecoo/Desktop/wulan/two/koa2yd/middleawares/errorHandler.js:5:23)
    at dispatch (/Users/pecoo/Desktop/wulan/two/koa2yd/node_modules/_koa-compose@4.1.0@koa-compose/index.js:42:32)
    at /Users/pecoo/Desktop/wulan/two/koa2yd/node_modules/_koa-compose@4.1.0@koa-compose/index.js:34:12
[2018-12-04T19:36:34.970] [ERROR] cheese - ReferenceError: URLSearchParams is not defined
    at /Users/pecoo/Desktop/wulan/two/koa2yd/controllers/IndexController.js:27:28
    at dispatch (/Users/pecoo/Desktop/wulan/two/koa2yd/node_modules/_koa-simple-router@0.2.0@koa-simple-router/index.js:186:18)
    at Router._lookup (/Users/pecoo/Desktop/wulan/two/koa2yd/node_modules/_koa-simple-router@0.2.0@koa-simple-router/index.js:198:12)
    at /Users/pecoo/Desktop/wulan/two/koa2yd/node_modules/_koa-simple-router@0.2.0@koa-simple-router/index.js:138:21
    at dispatch (/Users/pecoo/Desktop/wulan/two/koa2yd/node_modules/_koa-compose@4.1.0@koa-compose/index.js:42:32)
    at app.use (/Users/pecoo/Desktop/wulan/two/koa2yd/middleawares/errorHandler.js:13:19)
    at dispatch (/Users/pecoo/Desktop/wulan/two/koa2yd/node_modules/_koa-compose@4.1.0@koa-compose/index.js:42:32)
    at app.use (/Users/pecoo/Desktop/wulan/two/koa2yd/middleawares/errorHandler.js:5:23)
    at dispatch (/Users/pecoo/Desktop/wulan/two/koa2yd/node_modules/_koa-compose@4.1.0@koa-compose/index.js:42:32)
    at /Users/pecoo/Desktop/wulan/two/koa2yd/node_modules/_koa-compose@4.1.0@koa-compose/index.js:34:12
[2018-12-04T19:37:52.594] [ERROR] cheese - ReferenceError: URLSearchParams is not defined
    at /Users/pecoo/Desktop/wulan/two/koa2yd/controllers/IndexController.js:27:28
    at dispatch (/Users/pecoo/Desktop/wulan/two/koa2yd/node_modules/_koa-simple-router@0.2.0@koa-simple-router/index.js:186:18)
    at Router._lookup (/Users/pecoo/Desktop/wulan/two/koa2yd/node_modules/_koa-simple-router@0.2.0@koa-simple-router/index.js:198:12)
    at /Users/pecoo/Desktop/wulan/two/koa2yd/node_modules/_koa-simple-router@0.2.0@koa-simple-router/index.js:138:21
    at dispatch (/Users/pecoo/Desktop/wulan/two/koa2yd/node_modules/_koa-compose@4.1.0@koa-compose/index.js:42:32)
    at app.use (/Users/pecoo/Desktop/wulan/two/koa2yd/middleawares/errorHandler.js:13:19)
    at dispatch (/Users/pecoo/Desktop/wulan/two/koa2yd/node_modules/_koa-compose@4.1.0@koa-compose/index.js:42:32)
    at app.use (/Users/pecoo/Desktop/wulan/two/koa2yd/middleawares/errorHandler.js:5:23)
    at dispatch (/Users/pecoo/Desktop/wulan/two/koa2yd/node_modules/_koa-compose@4.1.0@koa-compose/index.js:42:32)
    at /Users/pecoo/Desktop/wulan/two/koa2yd/node_modules/_koa-compose@4.1.0@koa-compose/index.js:34:12
[2018-12-04T19:37:53.660] [ERROR] cheese - ReferenceError: URLSearchParams is not defined
    at /Users/pecoo/Desktop/wulan/two/koa2yd/controllers/IndexController.js:27:28
    at dispatch (/Users/pecoo/Desktop/wulan/two/koa2yd/node_modules/_koa-simple-router@0.2.0@koa-simple-router/index.js:186:18)
    at Router._lookup (/Users/pecoo/Desktop/wulan/two/koa2yd/node_modules/_koa-simple-router@0.2.0@koa-simple-router/index.js:198:12)
    at /Users/pecoo/Desktop/wulan/two/koa2yd/node_modules/_koa-simple-router@0.2.0@koa-simple-router/index.js:138:21
    at dispatch (/Users/pecoo/Desktop/wulan/two/koa2yd/node_modules/_koa-compose@4.1.0@koa-compose/index.js:42:32)
    at app.use (/Users/pecoo/Desktop/wulan/two/koa2yd/middleawares/errorHandler.js:13:19)
    at dispatch (/Users/pecoo/Desktop/wulan/two/koa2yd/node_modules/_koa-compose@4.1.0@koa-compose/index.js:42:32)
    at app.use (/Users/pecoo/Desktop/wulan/two/koa2yd/middleawares/errorHandler.js:5:23)
    at dispatch (/Users/pecoo/Desktop/wulan/two/koa2yd/node_modules/_koa-compose@4.1.0@koa-compose/index.js:42:32)
    at /Users/pecoo/Desktop/wulan/two/koa2yd/node_modules/_koa-compose@4.1.0@koa-compose/index.js:34:12
[2018-12-04T19:37:54.411] [ERROR] cheese - ReferenceError: URLSearchParams is not defined
    at /Users/pecoo/Desktop/wulan/two/koa2yd/controllers/IndexController.js:27:28
    at dispatch (/Users/pecoo/Desktop/wulan/two/koa2yd/node_modules/_koa-simple-router@0.2.0@koa-simple-router/index.js:186:18)
    at Router._lookup (/Users/pecoo/Desktop/wulan/two/koa2yd/node_modules/_koa-simple-router@0.2.0@koa-simple-router/index.js:198:12)
    at /Users/pecoo/Desktop/wulan/two/koa2yd/node_modules/_koa-simple-router@0.2.0@koa-simple-router/index.js:138:21
    at dispatch (/Users/pecoo/Desktop/wulan/two/koa2yd/node_modules/_koa-compose@4.1.0@koa-compose/index.js:42:32)
    at app.use (/Users/pecoo/Desktop/wulan/two/koa2yd/middleawares/errorHandler.js:13:19)
    at dispatch (/Users/pecoo/Desktop/wulan/two/koa2yd/node_modules/_koa-compose@4.1.0@koa-compose/index.js:42:32)
    at app.use (/Users/pecoo/Desktop/wulan/two/koa2yd/middleawares/errorHandler.js:5:23)
    at dispatch (/Users/pecoo/Desktop/wulan/two/koa2yd/node_modules/_koa-compose@4.1.0@koa-compose/index.js:42:32)
    at /Users/pecoo/Desktop/wulan/two/koa2yd/node_modules/_koa-compose@4.1.0@koa-compose/index.js:34:12
[2018-12-04T19:37:54.883] [ERROR] cheese - ReferenceError: URLSearchParams is not defined
    at /Users/pecoo/Desktop/wulan/two/koa2yd/controllers/IndexController.js:27:28
    at dispatch (/Users/pecoo/Desktop/wulan/two/koa2yd/node_modules/_koa-simple-router@0.2.0@koa-simple-router/index.js:186:18)
    at Router._lookup (/Users/pecoo/Desktop/wulan/two/koa2yd/node_modules/_koa-simple-router@0.2.0@koa-simple-router/index.js:198:12)
    at /Users/pecoo/Desktop/wulan/two/koa2yd/node_modules/_koa-simple-router@0.2.0@koa-simple-router/index.js:138:21
    at dispatch (/Users/pecoo/Desktop/wulan/two/koa2yd/node_modules/_koa-compose@4.1.0@koa-compose/index.js:42:32)
    at app.use (/Users/pecoo/Desktop/wulan/two/koa2yd/middleawares/errorHandler.js:13:19)
    at dispatch (/Users/pecoo/Desktop/wulan/two/koa2yd/node_modules/_koa-compose@4.1.0@koa-compose/index.js:42:32)
    at app.use (/Users/pecoo/Desktop/wulan/two/koa2yd/middleawares/errorHandler.js:5:23)
    at dispatch (/Users/pecoo/Desktop/wulan/two/koa2yd/node_modules/_koa-compose@4.1.0@koa-compose/index.js:42:32)
    at /Users/pecoo/Desktop/wulan/two/koa2yd/node_modules/_koa-compose@4.1.0@koa-compose/index.js:34:12
[2018-12-04T19:37:55.064] [ERROR] cheese - ReferenceError: URLSearchParams is not defined
    at /Users/pecoo/Desktop/wulan/two/koa2yd/controllers/IndexController.js:27:28
    at dispatch (/Users/pecoo/Desktop/wulan/two/koa2yd/node_modules/_koa-simple-router@0.2.0@koa-simple-router/index.js:186:18)
    at Router._lookup (/Users/pecoo/Desktop/wulan/two/koa2yd/node_modules/_koa-simple-router@0.2.0@koa-simple-router/index.js:198:12)
    at /Users/pecoo/Desktop/wulan/two/koa2yd/node_modules/_koa-simple-router@0.2.0@koa-simple-router/index.js:138:21
    at dispatch (/Users/pecoo/Desktop/wulan/two/koa2yd/node_modules/_koa-compose@4.1.0@koa-compose/index.js:42:32)
    at app.use (/Users/pecoo/Desktop/wulan/two/koa2yd/middleawares/errorHandler.js:13:19)
    at dispatch (/Users/pecoo/Desktop/wulan/two/koa2yd/node_modules/_koa-compose@4.1.0@koa-compose/index.js:42:32)
    at app.use (/Users/pecoo/Desktop/wulan/two/koa2yd/middleawares/errorHandler.js:5:23)
    at dispatch (/Users/pecoo/Desktop/wulan/two/koa2yd/node_modules/_koa-compose@4.1.0@koa-compose/index.js:42:32)
    at /Users/pecoo/Desktop/wulan/two/koa2yd/node_modules/_koa-compose@4.1.0@koa-compose/index.js:34:12
[2018-12-04T19:37:55.234] [ERROR] cheese - ReferenceError: URLSearchParams is not defined
    at /Users/pecoo/Desktop/wulan/two/koa2yd/controllers/IndexController.js:27:28
    at dispatch (/Users/pecoo/Desktop/wulan/two/koa2yd/node_modules/_koa-simple-router@0.2.0@koa-simple-router/index.js:186:18)
    at Router._lookup (/Users/pecoo/Desktop/wulan/two/koa2yd/node_modules/_koa-simple-router@0.2.0@koa-simple-router/index.js:198:12)
    at /Users/pecoo/Desktop/wulan/two/koa2yd/node_modules/_koa-simple-router@0.2.0@koa-simple-router/index.js:138:21
    at dispatch (/Users/pecoo/Desktop/wulan/two/koa2yd/node_modules/_koa-compose@4.1.0@koa-compose/index.js:42:32)
    at app.use (/Users/pecoo/Desktop/wulan/two/koa2yd/middleawares/errorHandler.js:13:19)
    at dispatch (/Users/pecoo/Desktop/wulan/two/koa2yd/node_modules/_koa-compose@4.1.0@koa-compose/index.js:42:32)
    at app.use (/Users/pecoo/Desktop/wulan/two/koa2yd/middleawares/errorHandler.js:5:23)
    at dispatch (/Users/pecoo/Desktop/wulan/two/koa2yd/node_modules/_koa-compose@4.1.0@koa-compose/index.js:42:32)
    at /Users/pecoo/Desktop/wulan/two/koa2yd/node_modules/_koa-compose@4.1.0@koa-compose/index.js:34:12
[2018-12-04T19:37:55.419] [ERROR] cheese - ReferenceError: URLSearchParams is not defined
    at /Users/pecoo/Desktop/wulan/two/koa2yd/controllers/IndexController.js:27:28
    at dispatch (/Users/pecoo/Desktop/wulan/two/koa2yd/node_modules/_koa-simple-router@0.2.0@koa-simple-router/index.js:186:18)
    at Router._lookup (/Users/pecoo/Desktop/wulan/two/koa2yd/node_modules/_koa-simple-router@0.2.0@koa-simple-router/index.js:198:12)
    at /Users/pecoo/Desktop/wulan/two/koa2yd/node_modules/_koa-simple-router@0.2.0@koa-simple-router/index.js:138:21
    at dispatch (/Users/pecoo/Desktop/wulan/two/koa2yd/node_modules/_koa-compose@4.1.0@koa-compose/index.js:42:32)
    at app.use (/Users/pecoo/Desktop/wulan/two/koa2yd/middleawares/errorHandler.js:13:19)
    at dispatch (/Users/pecoo/Desktop/wulan/two/koa2yd/node_modules/_koa-compose@4.1.0@koa-compose/index.js:42:32)
    at app.use (/Users/pecoo/Desktop/wulan/two/koa2yd/middleawares/errorHandler.js:5:23)
    at dispatch (/Users/pecoo/Desktop/wulan/two/koa2yd/node_modules/_koa-compose@4.1.0@koa-compose/index.js:42:32)
    at /Users/pecoo/Desktop/wulan/two/koa2yd/node_modules/_koa-compose@4.1.0@koa-compose/index.js:34:12
[2018-12-04T19:37:56.286] [ERROR] cheese - ReferenceError: URLSearchParams is not defined
    at /Users/pecoo/Desktop/wulan/two/koa2yd/controllers/IndexController.js:27:28
    at dispatch (/Users/pecoo/Desktop/wulan/two/koa2yd/node_modules/_koa-simple-router@0.2.0@koa-simple-router/index.js:186:18)
    at Router._lookup (/Users/pecoo/Desktop/wulan/two/koa2yd/node_modules/_koa-simple-router@0.2.0@koa-simple-router/index.js:198:12)
    at /Users/pecoo/Desktop/wulan/two/koa2yd/node_modules/_koa-simple-router@0.2.0@koa-simple-router/index.js:138:21
    at dispatch (/Users/pecoo/Desktop/wulan/two/koa2yd/node_modules/_koa-compose@4.1.0@koa-compose/index.js:42:32)
    at app.use (/Users/pecoo/Desktop/wulan/two/koa2yd/middleawares/errorHandler.js:13:19)
    at dispatch (/Users/pecoo/Desktop/wulan/two/koa2yd/node_modules/_koa-compose@4.1.0@koa-compose/index.js:42:32)
    at app.use (/Users/pecoo/Desktop/wulan/two/koa2yd/middleawares/errorHandler.js:5:23)
    at dispatch (/Users/pecoo/Desktop/wulan/two/koa2yd/node_modules/_koa-compose@4.1.0@koa-compose/index.js:42:32)
    at /Users/pecoo/Desktop/wulan/two/koa2yd/node_modules/_koa-compose@4.1.0@koa-compose/index.js:34:12
[2018-12-04T19:37:56.753] [ERROR] cheese - ReferenceError: URLSearchParams is not defined
    at /Users/pecoo/Desktop/wulan/two/koa2yd/controllers/IndexController.js:27:28
    at dispatch (/Users/pecoo/Desktop/wulan/two/koa2yd/node_modules/_koa-simple-router@0.2.0@koa-simple-router/index.js:186:18)
    at Router._lookup (/Users/pecoo/Desktop/wulan/two/koa2yd/node_modules/_koa-simple-router@0.2.0@koa-simple-router/index.js:198:12)
    at /Users/pecoo/Desktop/wulan/two/koa2yd/node_modules/_koa-simple-router@0.2.0@koa-simple-router/index.js:138:21
    at dispatch (/Users/pecoo/Desktop/wulan/two/koa2yd/node_modules/_koa-compose@4.1.0@koa-compose/index.js:42:32)
    at app.use (/Users/pecoo/Desktop/wulan/two/koa2yd/middleawares/errorHandler.js:13:19)
    at dispatch (/Users/pecoo/Desktop/wulan/two/koa2yd/node_modules/_koa-compose@4.1.0@koa-compose/index.js:42:32)
    at app.use (/Users/pecoo/Desktop/wulan/two/koa2yd/middleawares/errorHandler.js:5:23)
    at dispatch (/Users/pecoo/Desktop/wulan/two/koa2yd/node_modules/_koa-compose@4.1.0@koa-compose/index.js:42:32)
    at /Users/pecoo/Desktop/wulan/two/koa2yd/node_modules/_koa-compose@4.1.0@koa-compose/index.js:34:12
[2018-12-04T19:37:56.942] [ERROR] cheese - ReferenceError: URLSearchParams is not defined
    at /Users/pecoo/Desktop/wulan/two/koa2yd/controllers/IndexController.js:27:28
    at dispatch (/Users/pecoo/Desktop/wulan/two/koa2yd/node_modules/_koa-simple-router@0.2.0@koa-simple-router/index.js:186:18)
    at Router._lookup (/Users/pecoo/Desktop/wulan/two/koa2yd/node_modules/_koa-simple-router@0.2.0@koa-simple-router/index.js:198:12)
    at /Users/pecoo/Desktop/wulan/two/koa2yd/node_modules/_koa-simple-router@0.2.0@koa-simple-router/index.js:138:21
    at dispatch (/Users/pecoo/Desktop/wulan/two/koa2yd/node_modules/_koa-compose@4.1.0@koa-compose/index.js:42:32)
    at app.use (/Users/pecoo/Desktop/wulan/two/koa2yd/middleawares/errorHandler.js:13:19)
    at dispatch (/Users/pecoo/Desktop/wulan/two/koa2yd/node_modules/_koa-compose@4.1.0@koa-compose/index.js:42:32)
    at app.use (/Users/pecoo/Desktop/wulan/two/koa2yd/middleawares/errorHandler.js:5:23)
    at dispatch (/Users/pecoo/Desktop/wulan/two/koa2yd/node_modules/_koa-compose@4.1.0@koa-compose/index.js:42:32)
    at /Users/pecoo/Desktop/wulan/two/koa2yd/node_modules/_koa-compose@4.1.0@koa-compose/index.js:34:12
[2018-12-04T19:37:57.105] [ERROR] cheese - ReferenceError: URLSearchParams is not defined
    at /Users/pecoo/Desktop/wulan/two/koa2yd/controllers/IndexController.js:27:28
    at dispatch (/Users/pecoo/Desktop/wulan/two/koa2yd/node_modules/_koa-simple-router@0.2.0@koa-simple-router/index.js:186:18)
    at Router._lookup (/Users/pecoo/Desktop/wulan/two/koa2yd/node_modules/_koa-simple-router@0.2.0@koa-simple-router/index.js:198:12)
    at /Users/pecoo/Desktop/wulan/two/koa2yd/node_modules/_koa-simple-router@0.2.0@koa-simple-router/index.js:138:21
    at dispatch (/Users/pecoo/Desktop/wulan/two/koa2yd/node_modules/_koa-compose@4.1.0@koa-compose/index.js:42:32)
    at app.use (/Users/pecoo/Desktop/wulan/two/koa2yd/middleawares/errorHandler.js:13:19)
    at dispatch (/Users/pecoo/Desktop/wulan/two/koa2yd/node_modules/_koa-compose@4.1.0@koa-compose/index.js:42:32)
    at app.use (/Users/pecoo/Desktop/wulan/two/koa2yd/middleawares/errorHandler.js:5:23)
    at dispatch (/Users/pecoo/Desktop/wulan/two/koa2yd/node_modules/_koa-compose@4.1.0@koa-compose/index.js:42:32)
    at /Users/pecoo/Desktop/wulan/two/koa2yd/node_modules/_koa-compose@4.1.0@koa-compose/index.js:34:12
[2018-12-04T19:38:52.973] [ERROR] cheese - ReferenceError: URLSearchParams is not defined
    at /Users/pecoo/Desktop/wulan/two/koa2yd/controllers/IndexController.js:27:28
    at dispatch (/Users/pecoo/Desktop/wulan/two/koa2yd/node_modules/_koa-simple-router@0.2.0@koa-simple-router/index.js:186:18)
    at Router._lookup (/Users/pecoo/Desktop/wulan/two/koa2yd/node_modules/_koa-simple-router@0.2.0@koa-simple-router/index.js:198:12)
    at /Users/pecoo/Desktop/wulan/two/koa2yd/node_modules/_koa-simple-router@0.2.0@koa-simple-router/index.js:138:21
    at dispatch (/Users/pecoo/Desktop/wulan/two/koa2yd/node_modules/_koa-compose@4.1.0@koa-compose/index.js:42:32)
    at app.use (/Users/pecoo/Desktop/wulan/two/koa2yd/middleawares/errorHandler.js:13:19)
    at dispatch (/Users/pecoo/Desktop/wulan/two/koa2yd/node_modules/_koa-compose@4.1.0@koa-compose/index.js:42:32)
    at app.use (/Users/pecoo/Desktop/wulan/two/koa2yd/middleawares/errorHandler.js:5:23)
    at dispatch (/Users/pecoo/Desktop/wulan/two/koa2yd/node_modules/_koa-compose@4.1.0@koa-compose/index.js:42:32)
    at /Users/pecoo/Desktop/wulan/two/koa2yd/node_modules/_koa-compose@4.1.0@koa-compose/index.js:34:12
[2018-12-04T19:38:53.856] [ERROR] cheese - ReferenceError: URLSearchParams is not defined
    at /Users/pecoo/Desktop/wulan/two/koa2yd/controllers/IndexController.js:27:28
    at dispatch (/Users/pecoo/Desktop/wulan/two/koa2yd/node_modules/_koa-simple-router@0.2.0@koa-simple-router/index.js:186:18)
    at Router._lookup (/Users/pecoo/Desktop/wulan/two/koa2yd/node_modules/_koa-simple-router@0.2.0@koa-simple-router/index.js:198:12)
    at /Users/pecoo/Desktop/wulan/two/koa2yd/node_modules/_koa-simple-router@0.2.0@koa-simple-router/index.js:138:21
    at dispatch (/Users/pecoo/Desktop/wulan/two/koa2yd/node_modules/_koa-compose@4.1.0@koa-compose/index.js:42:32)
    at app.use (/Users/pecoo/Desktop/wulan/two/koa2yd/middleawares/errorHandler.js:13:19)
    at dispatch (/Users/pecoo/Desktop/wulan/two/koa2yd/node_modules/_koa-compose@4.1.0@koa-compose/index.js:42:32)
    at app.use (/Users/pecoo/Desktop/wulan/two/koa2yd/middleawares/errorHandler.js:5:23)
    at dispatch (/Users/pecoo/Desktop/wulan/two/koa2yd/node_modules/_koa-compose@4.1.0@koa-compose/index.js:42:32)
    at /Users/pecoo/Desktop/wulan/two/koa2yd/node_modules/_koa-compose@4.1.0@koa-compose/index.js:34:12
[2018-12-04T19:38:54.247] [ERROR] cheese - ReferenceError: URLSearchParams is not defined
    at /Users/pecoo/Desktop/wulan/two/koa2yd/controllers/IndexController.js:27:28
    at dispatch (/Users/pecoo/Desktop/wulan/two/koa2yd/node_modules/_koa-simple-router@0.2.0@koa-simple-router/index.js:186:18)
    at Router._lookup (/Users/pecoo/Desktop/wulan/two/koa2yd/node_modules/_koa-simple-router@0.2.0@koa-simple-router/index.js:198:12)
    at /Users/pecoo/Desktop/wulan/two/koa2yd/node_modules/_koa-simple-router@0.2.0@koa-simple-router/index.js:138:21
    at dispatch (/Users/pecoo/Desktop/wulan/two/koa2yd/node_modules/_koa-compose@4.1.0@koa-compose/index.js:42:32)
    at app.use (/Users/pecoo/Desktop/wulan/two/koa2yd/middleawares/errorHandler.js:13:19)
    at dispatch (/Users/pecoo/Desktop/wulan/two/koa2yd/node_modules/_koa-compose@4.1.0@koa-compose/index.js:42:32)
    at app.use (/Users/pecoo/Desktop/wulan/two/koa2yd/middleawares/errorHandler.js:5:23)
    at dispatch (/Users/pecoo/Desktop/wulan/two/koa2yd/node_modules/_koa-compose@4.1.0@koa-compose/index.js:42:32)
    at /Users/pecoo/Desktop/wulan/two/koa2yd/node_modules/_koa-compose@4.1.0@koa-compose/index.js:34:12
[2018-12-04T19:38:54.432] [ERROR] cheese - ReferenceError: URLSearchParams is not defined
    at /Users/pecoo/Desktop/wulan/two/koa2yd/controllers/IndexController.js:27:28
    at dispatch (/Users/pecoo/Desktop/wulan/two/koa2yd/node_modules/_koa-simple-router@0.2.0@koa-simple-router/index.js:186:18)
    at Router._lookup (/Users/pecoo/Desktop/wulan/two/koa2yd/node_modules/_koa-simple-router@0.2.0@koa-simple-router/index.js:198:12)
    at /Users/pecoo/Desktop/wulan/two/koa2yd/node_modules/_koa-simple-router@0.2.0@koa-simple-router/index.js:138:21
    at dispatch (/Users/pecoo/Desktop/wulan/two/koa2yd/node_modules/_koa-compose@4.1.0@koa-compose/index.js:42:32)
    at app.use (/Users/pecoo/Desktop/wulan/two/koa2yd/middleawares/errorHandler.js:13:19)
    at dispatch (/Users/pecoo/Desktop/wulan/two/koa2yd/node_modules/_koa-compose@4.1.0@koa-compose/index.js:42:32)
    at app.use (/Users/pecoo/Desktop/wulan/two/koa2yd/middleawares/errorHandler.js:5:23)
    at dispatch (/Users/pecoo/Desktop/wulan/two/koa2yd/node_modules/_koa-compose@4.1.0@koa-compose/index.js:42:32)
    at /Users/pecoo/Desktop/wulan/two/koa2yd/node_modules/_koa-compose@4.1.0@koa-compose/index.js:34:12
[2018-12-04T19:38:54.607] [ERROR] cheese - ReferenceError: URLSearchParams is not defined
    at /Users/pecoo/Desktop/wulan/two/koa2yd/controllers/IndexController.js:27:28
    at dispatch (/Users/pecoo/Desktop/wulan/two/koa2yd/node_modules/_koa-simple-router@0.2.0@koa-simple-router/index.js:186:18)
    at Router._lookup (/Users/pecoo/Desktop/wulan/two/koa2yd/node_modules/_koa-simple-router@0.2.0@koa-simple-router/index.js:198:12)
    at /Users/pecoo/Desktop/wulan/two/koa2yd/node_modules/_koa-simple-router@0.2.0@koa-simple-router/index.js:138:21
    at dispatch (/Users/pecoo/Desktop/wulan/two/koa2yd/node_modules/_koa-compose@4.1.0@koa-compose/index.js:42:32)
    at app.use (/Users/pecoo/Desktop/wulan/two/koa2yd/middleawares/errorHandler.js:13:19)
    at dispatch (/Users/pecoo/Desktop/wulan/two/koa2yd/node_modules/_koa-compose@4.1.0@koa-compose/index.js:42:32)
    at app.use (/Users/pecoo/Desktop/wulan/two/koa2yd/middleawares/errorHandler.js:5:23)
    at dispatch (/Users/pecoo/Desktop/wulan/two/koa2yd/node_modules/_koa-compose@4.1.0@koa-compose/index.js:42:32)
    at /Users/pecoo/Desktop/wulan/two/koa2yd/node_modules/_koa-compose@4.1.0@koa-compose/index.js:34:12
[2018-12-04T19:38:54.765] [ERROR] cheese - ReferenceError: URLSearchParams is not defined
    at /Users/pecoo/Desktop/wulan/two/koa2yd/controllers/IndexController.js:27:28
    at dispatch (/Users/pecoo/Desktop/wulan/two/koa2yd/node_modules/_koa-simple-router@0.2.0@koa-simple-router/index.js:186:18)
    at Router._lookup (/Users/pecoo/Desktop/wulan/two/koa2yd/node_modules/_koa-simple-router@0.2.0@koa-simple-router/index.js:198:12)
    at /Users/pecoo/Desktop/wulan/two/koa2yd/node_modules/_koa-simple-router@0.2.0@koa-simple-router/index.js:138:21
    at dispatch (/Users/pecoo/Desktop/wulan/two/koa2yd/node_modules/_koa-compose@4.1.0@koa-compose/index.js:42:32)
    at app.use (/Users/pecoo/Desktop/wulan/two/koa2yd/middleawares/errorHandler.js:13:19)
    at dispatch (/Users/pecoo/Desktop/wulan/two/koa2yd/node_modules/_koa-compose@4.1.0@koa-compose/index.js:42:32)
    at app.use (/Users/pecoo/Desktop/wulan/two/koa2yd/middleawares/errorHandler.js:5:23)
    at dispatch (/Users/pecoo/Desktop/wulan/two/koa2yd/node_modules/_koa-compose@4.1.0@koa-compose/index.js:42:32)
    at /Users/pecoo/Desktop/wulan/two/koa2yd/node_modules/_koa-compose@4.1.0@koa-compose/index.js:34:12
[2018-12-04T19:38:54.947] [ERROR] cheese - ReferenceError: URLSearchParams is not defined
    at /Users/pecoo/Desktop/wulan/two/koa2yd/controllers/IndexController.js:27:28
    at dispatch (/Users/pecoo/Desktop/wulan/two/koa2yd/node_modules/_koa-simple-router@0.2.0@koa-simple-router/index.js:186:18)
    at Router._lookup (/Users/pecoo/Desktop/wulan/two/koa2yd/node_modules/_koa-simple-router@0.2.0@koa-simple-router/index.js:198:12)
    at /Users/pecoo/Desktop/wulan/two/koa2yd/node_modules/_koa-simple-router@0.2.0@koa-simple-router/index.js:138:21
    at dispatch (/Users/pecoo/Desktop/wulan/two/koa2yd/node_modules/_koa-compose@4.1.0@koa-compose/index.js:42:32)
    at app.use (/Users/pecoo/Desktop/wulan/two/koa2yd/middleawares/errorHandler.js:13:19)
    at dispatch (/Users/pecoo/Desktop/wulan/two/koa2yd/node_modules/_koa-compose@4.1.0@koa-compose/index.js:42:32)
    at app.use (/Users/pecoo/Desktop/wulan/two/koa2yd/middleawares/errorHandler.js:5:23)
    at dispatch (/Users/pecoo/Desktop/wulan/two/koa2yd/node_modules/_koa-compose@4.1.0@koa-compose/index.js:42:32)
    at /Users/pecoo/Desktop/wulan/two/koa2yd/node_modules/_koa-compose@4.1.0@koa-compose/index.js:34:12
[2018-12-04T19:39:22.548] [ERROR] cheese - ReferenceError: URLSearchParams is not defined
    at /Users/pecoo/Desktop/wulan/two/koa2yd/controllers/IndexController.js:27:28
    at dispatch (/Users/pecoo/Desktop/wulan/two/koa2yd/node_modules/_koa-simple-router@0.2.0@koa-simple-router/index.js:186:18)
    at Router._lookup (/Users/pecoo/Desktop/wulan/two/koa2yd/node_modules/_koa-simple-router@0.2.0@koa-simple-router/index.js:198:12)
    at /Users/pecoo/Desktop/wulan/two/koa2yd/node_modules/_koa-simple-router@0.2.0@koa-simple-router/index.js:138:21
    at dispatch (/Users/pecoo/Desktop/wulan/two/koa2yd/node_modules/_koa-compose@4.1.0@koa-compose/index.js:42:32)
    at app.use (/Users/pecoo/Desktop/wulan/two/koa2yd/middleawares/errorHandler.js:13:19)
    at dispatch (/Users/pecoo/Desktop/wulan/two/koa2yd/node_modules/_koa-compose@4.1.0@koa-compose/index.js:42:32)
    at app.use (/Users/pecoo/Desktop/wulan/two/koa2yd/middleawares/errorHandler.js:5:23)
    at dispatch (/Users/pecoo/Desktop/wulan/two/koa2yd/node_modules/_koa-compose@4.1.0@koa-compose/index.js:42:32)
    at /Users/pecoo/Desktop/wulan/two/koa2yd/node_modules/_koa-compose@4.1.0@koa-compose/index.js:34:12
[2018-12-04T19:39:23.837] [ERROR] cheese - ReferenceError: URLSearchParams is not defined
    at /Users/pecoo/Desktop/wulan/two/koa2yd/controllers/IndexController.js:27:28
    at dispatch (/Users/pecoo/Desktop/wulan/two/koa2yd/node_modules/_koa-simple-router@0.2.0@koa-simple-router/index.js:186:18)
    at Router._lookup (/Users/pecoo/Desktop/wulan/two/koa2yd/node_modules/_koa-simple-router@0.2.0@koa-simple-router/index.js:198:12)
    at /Users/pecoo/Desktop/wulan/two/koa2yd/node_modules/_koa-simple-router@0.2.0@koa-simple-router/index.js:138:21
    at dispatch (/Users/pecoo/Desktop/wulan/two/koa2yd/node_modules/_koa-compose@4.1.0@koa-compose/index.js:42:32)
    at app.use (/Users/pecoo/Desktop/wulan/two/koa2yd/middleawares/errorHandler.js:13:19)
    at dispatch (/Users/pecoo/Desktop/wulan/two/koa2yd/node_modules/_koa-compose@4.1.0@koa-compose/index.js:42:32)
    at app.use (/Users/pecoo/Desktop/wulan/two/koa2yd/middleawares/errorHandler.js:5:23)
    at dispatch (/Users/pecoo/Desktop/wulan/two/koa2yd/node_modules/_koa-compose@4.1.0@koa-compose/index.js:42:32)
    at /Users/pecoo/Desktop/wulan/two/koa2yd/node_modules/_koa-compose@4.1.0@koa-compose/index.js:34:12
[2018-12-04T19:39:24.427] [ERROR] cheese - ReferenceError: URLSearchParams is not defined
    at /Users/pecoo/Desktop/wulan/two/koa2yd/controllers/IndexController.js:27:28
    at dispatch (/Users/pecoo/Desktop/wulan/two/koa2yd/node_modules/_koa-simple-router@0.2.0@koa-simple-router/index.js:186:18)
    at Router._lookup (/Users/pecoo/Desktop/wulan/two/koa2yd/node_modules/_koa-simple-router@0.2.0@koa-simple-router/index.js:198:12)
    at /Users/pecoo/Desktop/wulan/two/koa2yd/node_modules/_koa-simple-router@0.2.0@koa-simple-router/index.js:138:21
    at dispatch (/Users/pecoo/Desktop/wulan/two/koa2yd/node_modules/_koa-compose@4.1.0@koa-compose/index.js:42:32)
    at app.use (/Users/pecoo/Desktop/wulan/two/koa2yd/middleawares/errorHandler.js:13:19)
    at dispatch (/Users/pecoo/Desktop/wulan/two/koa2yd/node_modules/_koa-compose@4.1.0@koa-compose/index.js:42:32)
    at app.use (/Users/pecoo/Desktop/wulan/two/koa2yd/middleawares/errorHandler.js:5:23)
    at dispatch (/Users/pecoo/Desktop/wulan/two/koa2yd/node_modules/_koa-compose@4.1.0@koa-compose/index.js:42:32)
    at /Users/pecoo/Desktop/wulan/two/koa2yd/node_modules/_koa-compose@4.1.0@koa-compose/index.js:34:12
[2018-12-04T19:39:24.606] [ERROR] cheese - ReferenceError: URLSearchParams is not defined
    at /Users/pecoo/Desktop/wulan/two/koa2yd/controllers/IndexController.js:27:28
    at dispatch (/Users/pecoo/Desktop/wulan/two/koa2yd/node_modules/_koa-simple-router@0.2.0@koa-simple-router/index.js:186:18)
    at Router._lookup (/Users/pecoo/Desktop/wulan/two/koa2yd/node_modules/_koa-simple-router@0.2.0@koa-simple-router/index.js:198:12)
    at /Users/pecoo/Desktop/wulan/two/koa2yd/node_modules/_koa-simple-router@0.2.0@koa-simple-router/index.js:138:21
    at dispatch (/Users/pecoo/Desktop/wulan/two/koa2yd/node_modules/_koa-compose@4.1.0@koa-compose/index.js:42:32)
    at app.use (/Users/pecoo/Desktop/wulan/two/koa2yd/middleawares/errorHandler.js:13:19)
    at dispatch (/Users/pecoo/Desktop/wulan/two/koa2yd/node_modules/_koa-compose@4.1.0@koa-compose/index.js:42:32)
    at app.use (/Users/pecoo/Desktop/wulan/two/koa2yd/middleawares/errorHandler.js:5:23)
    at dispatch (/Users/pecoo/Desktop/wulan/two/koa2yd/node_modules/_koa-compose@4.1.0@koa-compose/index.js:42:32)
    at /Users/pecoo/Desktop/wulan/two/koa2yd/node_modules/_koa-compose@4.1.0@koa-compose/index.js:34:12
[2018-12-04T19:39:24.785] [ERROR] cheese - ReferenceError: URLSearchParams is not defined
    at /Users/pecoo/Desktop/wulan/two/koa2yd/controllers/IndexController.js:27:28
    at dispatch (/Users/pecoo/Desktop/wulan/two/koa2yd/node_modules/_koa-simple-router@0.2.0@koa-simple-router/index.js:186:18)
    at Router._lookup (/Users/pecoo/Desktop/wulan/two/koa2yd/node_modules/_koa-simple-router@0.2.0@koa-simple-router/index.js:198:12)
    at /Users/pecoo/Desktop/wulan/two/koa2yd/node_modules/_koa-simple-router@0.2.0@koa-simple-router/index.js:138:21
    at dispatch (/Users/pecoo/Desktop/wulan/two/koa2yd/node_modules/_koa-compose@4.1.0@koa-compose/index.js:42:32)
    at app.use (/Users/pecoo/Desktop/wulan/two/koa2yd/middleawares/errorHandler.js:13:19)
    at dispatch (/Users/pecoo/Desktop/wulan/two/koa2yd/node_modules/_koa-compose@4.1.0@koa-compose/index.js:42:32)
    at app.use (/Users/pecoo/Desktop/wulan/two/koa2yd/middleawares/errorHandler.js:5:23)
    at dispatch (/Users/pecoo/Desktop/wulan/two/koa2yd/node_modules/_koa-compose@4.1.0@koa-compose/index.js:42:32)
    at /Users/pecoo/Desktop/wulan/two/koa2yd/node_modules/_koa-compose@4.1.0@koa-compose/index.js:34:12
[2018-12-04T19:39:24.967] [ERROR] cheese - ReferenceError: URLSearchParams is not defined
    at /Users/pecoo/Desktop/wulan/two/koa2yd/controllers/IndexController.js:27:28
    at dispatch (/Users/pecoo/Desktop/wulan/two/koa2yd/node_modules/_koa-simple-router@0.2.0@koa-simple-router/index.js:186:18)
    at Router._lookup (/Users/pecoo/Desktop/wulan/two/koa2yd/node_modules/_koa-simple-router@0.2.0@koa-simple-router/index.js:198:12)
    at /Users/pecoo/Desktop/wulan/two/koa2yd/node_modules/_koa-simple-router@0.2.0@koa-simple-router/index.js:138:21
    at dispatch (/Users/pecoo/Desktop/wulan/two/koa2yd/node_modules/_koa-compose@4.1.0@koa-compose/index.js:42:32)
    at app.use (/Users/pecoo/Desktop/wulan/two/koa2yd/middleawares/errorHandler.js:13:19)
    at dispatch (/Users/pecoo/Desktop/wulan/two/koa2yd/node_modules/_koa-compose@4.1.0@koa-compose/index.js:42:32)
    at app.use (/Users/pecoo/Desktop/wulan/two/koa2yd/middleawares/errorHandler.js:5:23)
    at dispatch (/Users/pecoo/Desktop/wulan/two/koa2yd/node_modules/_koa-compose@4.1.0@koa-compose/index.js:42:32)
    at /Users/pecoo/Desktop/wulan/two/koa2yd/node_modules/_koa-compose@4.1.0@koa-compose/index.js:34:12
[2018-12-04T19:39:25.137] [ERROR] cheese - ReferenceError: URLSearchParams is not defined
    at /Users/pecoo/Desktop/wulan/two/koa2yd/controllers/IndexController.js:27:28
    at dispatch (/Users/pecoo/Desktop/wulan/two/koa2yd/node_modules/_koa-simple-router@0.2.0@koa-simple-router/index.js:186:18)
    at Router._lookup (/Users/pecoo/Desktop/wulan/two/koa2yd/node_modules/_koa-simple-router@0.2.0@koa-simple-router/index.js:198:12)
    at /Users/pecoo/Desktop/wulan/two/koa2yd/node_modules/_koa-simple-router@0.2.0@koa-simple-router/index.js:138:21
    at dispatch (/Users/pecoo/Desktop/wulan/two/koa2yd/node_modules/_koa-compose@4.1.0@koa-compose/index.js:42:32)
    at app.use (/Users/pecoo/Desktop/wulan/two/koa2yd/middleawares/errorHandler.js:13:19)
    at dispatch (/Users/pecoo/Desktop/wulan/two/koa2yd/node_modules/_koa-compose@4.1.0@koa-compose/index.js:42:32)
    at app.use (/Users/pecoo/Desktop/wulan/two/koa2yd/middleawares/errorHandler.js:5:23)
    at dispatch (/Users/pecoo/Desktop/wulan/two/koa2yd/node_modules/_koa-compose@4.1.0@koa-compose/index.js:42:32)
    at /Users/pecoo/Desktop/wulan/two/koa2yd/node_modules/_koa-compose@4.1.0@koa-compose/index.js:34:12
[2018-12-04T19:39:25.319] [ERROR] cheese - ReferenceError: URLSearchParams is not defined
    at /Users/pecoo/Desktop/wulan/two/koa2yd/controllers/IndexController.js:27:28
    at dispatch (/Users/pecoo/Desktop/wulan/two/koa2yd/node_modules/_koa-simple-router@0.2.0@koa-simple-router/index.js:186:18)
    at Router._lookup (/Users/pecoo/Desktop/wulan/two/koa2yd/node_modules/_koa-simple-router@0.2.0@koa-simple-router/index.js:198:12)
    at /Users/pecoo/Desktop/wulan/two/koa2yd/node_modules/_koa-simple-router@0.2.0@koa-simple-router/index.js:138:21
    at dispatch (/Users/pecoo/Desktop/wulan/two/koa2yd/node_modules/_koa-compose@4.1.0@koa-compose/index.js:42:32)
    at app.use (/Users/pecoo/Desktop/wulan/two/koa2yd/middleawares/errorHandler.js:13:19)
    at dispatch (/Users/pecoo/Desktop/wulan/two/koa2yd/node_modules/_koa-compose@4.1.0@koa-compose/index.js:42:32)
    at app.use (/Users/pecoo/Desktop/wulan/two/koa2yd/middleawares/errorHandler.js:5:23)
    at dispatch (/Users/pecoo/Desktop/wulan/two/koa2yd/node_modules/_koa-compose@4.1.0@koa-compose/index.js:42:32)
    at /Users/pecoo/Desktop/wulan/two/koa2yd/node_modules/_koa-compose@4.1.0@koa-compose/index.js:34:12
[2018-12-04T19:39:25.501] [ERROR] cheese - ReferenceError: URLSearchParams is not defined
    at /Users/pecoo/Desktop/wulan/two/koa2yd/controllers/IndexController.js:27:28
    at dispatch (/Users/pecoo/Desktop/wulan/two/koa2yd/node_modules/_koa-simple-router@0.2.0@koa-simple-router/index.js:186:18)
    at Router._lookup (/Users/pecoo/Desktop/wulan/two/koa2yd/node_modules/_koa-simple-router@0.2.0@koa-simple-router/index.js:198:12)
    at /Users/pecoo/Desktop/wulan/two/koa2yd/node_modules/_koa-simple-router@0.2.0@koa-simple-router/index.js:138:21
    at dispatch (/Users/pecoo/Desktop/wulan/two/koa2yd/node_modules/_koa-compose@4.1.0@koa-compose/index.js:42:32)
    at app.use (/Users/pecoo/Desktop/wulan/two/koa2yd/middleawares/errorHandler.js:13:19)
    at dispatch (/Users/pecoo/Desktop/wulan/two/koa2yd/node_modules/_koa-compose@4.1.0@koa-compose/index.js:42:32)
    at app.use (/Users/pecoo/Desktop/wulan/two/koa2yd/middleawares/errorHandler.js:5:23)
    at dispatch (/Users/pecoo/Desktop/wulan/two/koa2yd/node_modules/_koa-compose@4.1.0@koa-compose/index.js:42:32)
    at /Users/pecoo/Desktop/wulan/two/koa2yd/node_modules/_koa-compose@4.1.0@koa-compose/index.js:34:12
[2018-12-04T19:39:25.673] [ERROR] cheese - ReferenceError: URLSearchParams is not defined
    at /Users/pecoo/Desktop/wulan/two/koa2yd/controllers/IndexController.js:27:28
    at dispatch (/Users/pecoo/Desktop/wulan/two/koa2yd/node_modules/_koa-simple-router@0.2.0@koa-simple-router/index.js:186:18)
    at Router._lookup (/Users/pecoo/Desktop/wulan/two/koa2yd/node_modules/_koa-simple-router@0.2.0@koa-simple-router/index.js:198:12)
    at /Users/pecoo/Desktop/wulan/two/koa2yd/node_modules/_koa-simple-router@0.2.0@koa-simple-router/index.js:138:21
    at dispatch (/Users/pecoo/Desktop/wulan/two/koa2yd/node_modules/_koa-compose@4.1.0@koa-compose/index.js:42:32)
    at app.use (/Users/pecoo/Desktop/wulan/two/koa2yd/middleawares/errorHandler.js:13:19)
    at dispatch (/Users/pecoo/Desktop/wulan/two/koa2yd/node_modules/_koa-compose@4.1.0@koa-compose/index.js:42:32)
    at app.use (/Users/pecoo/Desktop/wulan/two/koa2yd/middleawares/errorHandler.js:5:23)
    at dispatch (/Users/pecoo/Desktop/wulan/two/koa2yd/node_modules/_koa-compose@4.1.0@koa-compose/index.js:42:32)
    at /Users/pecoo/Desktop/wulan/two/koa2yd/node_modules/_koa-compose@4.1.0@koa-compose/index.js:34:12
[2018-12-04T19:39:25.843] [ERROR] cheese - ReferenceError: URLSearchParams is not defined
    at /Users/pecoo/Desktop/wulan/two/koa2yd/controllers/IndexController.js:27:28
    at dispatch (/Users/pecoo/Desktop/wulan/two/koa2yd/node_modules/_koa-simple-router@0.2.0@koa-simple-router/index.js:186:18)
    at Router._lookup (/Users/pecoo/Desktop/wulan/two/koa2yd/node_modules/_koa-simple-router@0.2.0@koa-simple-router/index.js:198:12)
    at /Users/pecoo/Desktop/wulan/two/koa2yd/node_modules/_koa-simple-router@0.2.0@koa-simple-router/index.js:138:21
    at dispatch (/Users/pecoo/Desktop/wulan/two/koa2yd/node_modules/_koa-compose@4.1.0@koa-compose/index.js:42:32)
    at app.use (/Users/pecoo/Desktop/wulan/two/koa2yd/middleawares/errorHandler.js:13:19)
    at dispatch (/Users/pecoo/Desktop/wulan/two/koa2yd/node_modules/_koa-compose@4.1.0@koa-compose/index.js:42:32)
    at app.use (/Users/pecoo/Desktop/wulan/two/koa2yd/middleawares/errorHandler.js:5:23)
    at dispatch (/Users/pecoo/Desktop/wulan/two/koa2yd/node_modules/_koa-compose@4.1.0@koa-compose/index.js:42:32)
    at /Users/pecoo/Desktop/wulan/two/koa2yd/node_modules/_koa-compose@4.1.0@koa-compose/index.js:34:12
[2018-12-04T19:41:19.142] [ERROR] cheese - ReferenceError: URLSearchParams is not defined
    at /Users/pecoo/Desktop/wulan/two/koa2yd/controllers/IndexController.js:27:28
    at dispatch (/Users/pecoo/Desktop/wulan/two/koa2yd/node_modules/_koa-simple-router@0.2.0@koa-simple-router/index.js:186:18)
    at Router._lookup (/Users/pecoo/Desktop/wulan/two/koa2yd/node_modules/_koa-simple-router@0.2.0@koa-simple-router/index.js:198:12)
    at /Users/pecoo/Desktop/wulan/two/koa2yd/node_modules/_koa-simple-router@0.2.0@koa-simple-router/index.js:138:21
    at dispatch (/Users/pecoo/Desktop/wulan/two/koa2yd/node_modules/_koa-compose@4.1.0@koa-compose/index.js:42:32)
    at app.use (/Users/pecoo/Desktop/wulan/two/koa2yd/middleawares/errorHandler.js:13:19)
    at dispatch (/Users/pecoo/Desktop/wulan/two/koa2yd/node_modules/_koa-compose@4.1.0@koa-compose/index.js:42:32)
    at app.use (/Users/pecoo/Desktop/wulan/two/koa2yd/middleawares/errorHandler.js:5:23)
    at dispatch (/Users/pecoo/Desktop/wulan/two/koa2yd/node_modules/_koa-compose@4.1.0@koa-compose/index.js:42:32)
    at /Users/pecoo/Desktop/wulan/two/koa2yd/node_modules/_koa-compose@4.1.0@koa-compose/index.js:34:12
[2018-12-04T19:41:20.127] [ERROR] cheese - ReferenceError: URLSearchParams is not defined
    at /Users/pecoo/Desktop/wulan/two/koa2yd/controllers/IndexController.js:27:28
    at dispatch (/Users/pecoo/Desktop/wulan/two/koa2yd/node_modules/_koa-simple-router@0.2.0@koa-simple-router/index.js:186:18)
    at Router._lookup (/Users/pecoo/Desktop/wulan/two/koa2yd/node_modules/_koa-simple-router@0.2.0@koa-simple-router/index.js:198:12)
    at /Users/pecoo/Desktop/wulan/two/koa2yd/node_modules/_koa-simple-router@0.2.0@koa-simple-router/index.js:138:21
    at dispatch (/Users/pecoo/Desktop/wulan/two/koa2yd/node_modules/_koa-compose@4.1.0@koa-compose/index.js:42:32)
    at app.use (/Users/pecoo/Desktop/wulan/two/koa2yd/middleawares/errorHandler.js:13:19)
    at dispatch (/Users/pecoo/Desktop/wulan/two/koa2yd/node_modules/_koa-compose@4.1.0@koa-compose/index.js:42:32)
    at app.use (/Users/pecoo/Desktop/wulan/two/koa2yd/middleawares/errorHandler.js:5:23)
    at dispatch (/Users/pecoo/Desktop/wulan/two/koa2yd/node_modules/_koa-compose@4.1.0@koa-compose/index.js:42:32)
    at /Users/pecoo/Desktop/wulan/two/koa2yd/node_modules/_koa-compose@4.1.0@koa-compose/index.js:34:12
[2018-12-04T19:41:20.636] [ERROR] cheese - ReferenceError: URLSearchParams is not defined
    at /Users/pecoo/Desktop/wulan/two/koa2yd/controllers/IndexController.js:27:28
    at dispatch (/Users/pecoo/Desktop/wulan/two/koa2yd/node_modules/_koa-simple-router@0.2.0@koa-simple-router/index.js:186:18)
    at Router._lookup (/Users/pecoo/Desktop/wulan/two/koa2yd/node_modules/_koa-simple-router@0.2.0@koa-simple-router/index.js:198:12)
    at /Users/pecoo/Desktop/wulan/two/koa2yd/node_modules/_koa-simple-router@0.2.0@koa-simple-router/index.js:138:21
    at dispatch (/Users/pecoo/Desktop/wulan/two/koa2yd/node_modules/_koa-compose@4.1.0@koa-compose/index.js:42:32)
    at app.use (/Users/pecoo/Desktop/wulan/two/koa2yd/middleawares/errorHandler.js:13:19)
    at dispatch (/Users/pecoo/Desktop/wulan/two/koa2yd/node_modules/_koa-compose@4.1.0@koa-compose/index.js:42:32)
    at app.use (/Users/pecoo/Desktop/wulan/two/koa2yd/middleawares/errorHandler.js:5:23)
    at dispatch (/Users/pecoo/Desktop/wulan/two/koa2yd/node_modules/_koa-compose@4.1.0@koa-compose/index.js:42:32)
    at /Users/pecoo/Desktop/wulan/two/koa2yd/node_modules/_koa-compose@4.1.0@koa-compose/index.js:34:12
[2018-12-04T19:41:21.237] [ERROR] cheese - ReferenceError: URLSearchParams is not defined
    at /Users/pecoo/Desktop/wulan/two/koa2yd/controllers/IndexController.js:27:28
    at dispatch (/Users/pecoo/Desktop/wulan/two/koa2yd/node_modules/_koa-simple-router@0.2.0@koa-simple-router/index.js:186:18)
    at Router._lookup (/Users/pecoo/Desktop/wulan/two/koa2yd/node_modules/_koa-simple-router@0.2.0@koa-simple-router/index.js:198:12)
    at /Users/pecoo/Desktop/wulan/two/koa2yd/node_modules/_koa-simple-router@0.2.0@koa-simple-router/index.js:138:21
    at dispatch (/Users/pecoo/Desktop/wulan/two/koa2yd/node_modules/_koa-compose@4.1.0@koa-compose/index.js:42:32)
    at app.use (/Users/pecoo/Desktop/wulan/two/koa2yd/middleawares/errorHandler.js:13:19)
    at dispatch (/Users/pecoo/Desktop/wulan/two/koa2yd/node_modules/_koa-compose@4.1.0@koa-compose/index.js:42:32)
    at app.use (/Users/pecoo/Desktop/wulan/two/koa2yd/middleawares/errorHandler.js:5:23)
    at dispatch (/Users/pecoo/Desktop/wulan/two/koa2yd/node_modules/_koa-compose@4.1.0@koa-compose/index.js:42:32)
    at /Users/pecoo/Desktop/wulan/two/koa2yd/node_modules/_koa-compose@4.1.0@koa-compose/index.js:34:12
[2018-12-04T19:41:21.438] [ERROR] cheese - ReferenceError: URLSearchParams is not defined
    at /Users/pecoo/Desktop/wulan/two/koa2yd/controllers/IndexController.js:27:28
    at dispatch (/Users/pecoo/Desktop/wulan/two/koa2yd/node_modules/_koa-simple-router@0.2.0@koa-simple-router/index.js:186:18)
    at Router._lookup (/Users/pecoo/Desktop/wulan/two/koa2yd/node_modules/_koa-simple-router@0.2.0@koa-simple-router/index.js:198:12)
    at /Users/pecoo/Desktop/wulan/two/koa2yd/node_modules/_koa-simple-router@0.2.0@koa-simple-router/index.js:138:21
    at dispatch (/Users/pecoo/Desktop/wulan/two/koa2yd/node_modules/_koa-compose@4.1.0@koa-compose/index.js:42:32)
    at app.use (/Users/pecoo/Desktop/wulan/two/koa2yd/middleawares/errorHandler.js:13:19)
    at dispatch (/Users/pecoo/Desktop/wulan/two/koa2yd/node_modules/_koa-compose@4.1.0@koa-compose/index.js:42:32)
    at app.use (/Users/pecoo/Desktop/wulan/two/koa2yd/middleawares/errorHandler.js:5:23)
    at dispatch (/Users/pecoo/Desktop/wulan/two/koa2yd/node_modules/_koa-compose@4.1.0@koa-compose/index.js:42:32)
    at /Users/pecoo/Desktop/wulan/two/koa2yd/node_modules/_koa-compose@4.1.0@koa-compose/index.js:34:12
[2018-12-04T19:41:21.623] [ERROR] cheese - ReferenceError: URLSearchParams is not defined
    at /Users/pecoo/Desktop/wulan/two/koa2yd/controllers/IndexController.js:27:28
    at dispatch (/Users/pecoo/Desktop/wulan/two/koa2yd/node_modules/_koa-simple-router@0.2.0@koa-simple-router/index.js:186:18)
    at Router._lookup (/Users/pecoo/Desktop/wulan/two/koa2yd/node_modules/_koa-simple-router@0.2.0@koa-simple-router/index.js:198:12)
    at /Users/pecoo/Desktop/wulan/two/koa2yd/node_modules/_koa-simple-router@0.2.0@koa-simple-router/index.js:138:21
    at dispatch (/Users/pecoo/Desktop/wulan/two/koa2yd/node_modules/_koa-compose@4.1.0@koa-compose/index.js:42:32)
    at app.use (/Users/pecoo/Desktop/wulan/two/koa2yd/middleawares/errorHandler.js:13:19)
    at dispatch (/Users/pecoo/Desktop/wulan/two/koa2yd/node_modules/_koa-compose@4.1.0@koa-compose/index.js:42:32)
    at app.use (/Users/pecoo/Desktop/wulan/two/koa2yd/middleawares/errorHandler.js:5:23)
    at dispatch (/Users/pecoo/Desktop/wulan/two/koa2yd/node_modules/_koa-compose@4.1.0@koa-compose/index.js:42:32)
    at /Users/pecoo/Desktop/wulan/two/koa2yd/node_modules/_koa-compose@4.1.0@koa-compose/index.js:34:12
[2018-12-04T19:41:21.799] [ERROR] cheese - ReferenceError: URLSearchParams is not defined
    at /Users/pecoo/Desktop/wulan/two/koa2yd/controllers/IndexController.js:27:28
    at dispatch (/Users/pecoo/Desktop/wulan/two/koa2yd/node_modules/_koa-simple-router@0.2.0@koa-simple-router/index.js:186:18)
    at Router._lookup (/Users/pecoo/Desktop/wulan/two/koa2yd/node_modules/_koa-simple-router@0.2.0@koa-simple-router/index.js:198:12)
    at /Users/pecoo/Desktop/wulan/two/koa2yd/node_modules/_koa-simple-router@0.2.0@koa-simple-router/index.js:138:21
    at dispatch (/Users/pecoo/Desktop/wulan/two/koa2yd/node_modules/_koa-compose@4.1.0@koa-compose/index.js:42:32)
    at app.use (/Users/pecoo/Desktop/wulan/two/koa2yd/middleawares/errorHandler.js:13:19)
    at dispatch (/Users/pecoo/Desktop/wulan/two/koa2yd/node_modules/_koa-compose@4.1.0@koa-compose/index.js:42:32)
    at app.use (/Users/pecoo/Desktop/wulan/two/koa2yd/middleawares/errorHandler.js:5:23)
    at dispatch (/Users/pecoo/Desktop/wulan/two/koa2yd/node_modules/_koa-compose@4.1.0@koa-compose/index.js:42:32)
    at /Users/pecoo/Desktop/wulan/two/koa2yd/node_modules/_koa-compose@4.1.0@koa-compose/index.js:34:12
[2018-12-04T19:41:29.710] [ERROR] cheese - ReferenceError: URLSearchParams is not defined
    at /Users/pecoo/Desktop/wulan/two/koa2yd/controllers/IndexController.js:27:28
    at dispatch (/Users/pecoo/Desktop/wulan/two/koa2yd/node_modules/_koa-simple-router@0.2.0@koa-simple-router/index.js:186:18)
    at Router._lookup (/Users/pecoo/Desktop/wulan/two/koa2yd/node_modules/_koa-simple-router@0.2.0@koa-simple-router/index.js:198:12)
    at /Users/pecoo/Desktop/wulan/two/koa2yd/node_modules/_koa-simple-router@0.2.0@koa-simple-router/index.js:138:21
    at dispatch (/Users/pecoo/Desktop/wulan/two/koa2yd/node_modules/_koa-compose@4.1.0@koa-compose/index.js:42:32)
    at app.use (/Users/pecoo/Desktop/wulan/two/koa2yd/middleawares/errorHandler.js:13:19)
    at dispatch (/Users/pecoo/Desktop/wulan/two/koa2yd/node_modules/_koa-compose@4.1.0@koa-compose/index.js:42:32)
    at app.use (/Users/pecoo/Desktop/wulan/two/koa2yd/middleawares/errorHandler.js:5:23)
    at dispatch (/Users/pecoo/Desktop/wulan/two/koa2yd/node_modules/_koa-compose@4.1.0@koa-compose/index.js:42:32)
    at /Users/pecoo/Desktop/wulan/two/koa2yd/node_modules/_koa-compose@4.1.0@koa-compose/index.js:34:12
[2018-12-04T19:41:30.820] [ERROR] cheese - ReferenceError: URLSearchParams is not defined
    at /Users/pecoo/Desktop/wulan/two/koa2yd/controllers/IndexController.js:27:28
    at dispatch (/Users/pecoo/Desktop/wulan/two/koa2yd/node_modules/_koa-simple-router@0.2.0@koa-simple-router/index.js:186:18)
    at Router._lookup (/Users/pecoo/Desktop/wulan/two/koa2yd/node_modules/_koa-simple-router@0.2.0@koa-simple-router/index.js:198:12)
    at /Users/pecoo/Desktop/wulan/two/koa2yd/node_modules/_koa-simple-router@0.2.0@koa-simple-router/index.js:138:21
    at dispatch (/Users/pecoo/Desktop/wulan/two/koa2yd/node_modules/_koa-compose@4.1.0@koa-compose/index.js:42:32)
    at app.use (/Users/pecoo/Desktop/wulan/two/koa2yd/middleawares/errorHandler.js:13:19)
    at dispatch (/Users/pecoo/Desktop/wulan/two/koa2yd/node_modules/_koa-compose@4.1.0@koa-compose/index.js:42:32)
    at app.use (/Users/pecoo/Desktop/wulan/two/koa2yd/middleawares/errorHandler.js:5:23)
    at dispatch (/Users/pecoo/Desktop/wulan/two/koa2yd/node_modules/_koa-compose@4.1.0@koa-compose/index.js:42:32)
    at /Users/pecoo/Desktop/wulan/two/koa2yd/node_modules/_koa-compose@4.1.0@koa-compose/index.js:34:12
[2018-12-04T19:41:31.258] [ERROR] cheese - ReferenceError: URLSearchParams is not defined
    at /Users/pecoo/Desktop/wulan/two/koa2yd/controllers/IndexController.js:27:28
    at dispatch (/Users/pecoo/Desktop/wulan/two/koa2yd/node_modules/_koa-simple-router@0.2.0@koa-simple-router/index.js:186:18)
    at Router._lookup (/Users/pecoo/Desktop/wulan/two/koa2yd/node_modules/_koa-simple-router@0.2.0@koa-simple-router/index.js:198:12)
    at /Users/pecoo/Desktop/wulan/two/koa2yd/node_modules/_koa-simple-router@0.2.0@koa-simple-router/index.js:138:21
    at dispatch (/Users/pecoo/Desktop/wulan/two/koa2yd/node_modules/_koa-compose@4.1.0@koa-compose/index.js:42:32)
    at app.use (/Users/pecoo/Desktop/wulan/two/koa2yd/middleawares/errorHandler.js:13:19)
    at dispatch (/Users/pecoo/Desktop/wulan/two/koa2yd/node_modules/_koa-compose@4.1.0@koa-compose/index.js:42:32)
    at app.use (/Users/pecoo/Desktop/wulan/two/koa2yd/middleawares/errorHandler.js:5:23)
    at dispatch (/Users/pecoo/Desktop/wulan/two/koa2yd/node_modules/_koa-compose@4.1.0@koa-compose/index.js:42:32)
    at /Users/pecoo/Desktop/wulan/two/koa2yd/node_modules/_koa-compose@4.1.0@koa-compose/index.js:34:12
[2018-12-04T19:41:31.435] [ERROR] cheese - ReferenceError: URLSearchParams is not defined
    at /Users/pecoo/Desktop/wulan/two/koa2yd/controllers/IndexController.js:27:28
    at dispatch (/Users/pecoo/Desktop/wulan/two/koa2yd/node_modules/_koa-simple-router@0.2.0@koa-simple-router/index.js:186:18)
    at Router._lookup (/Users/pecoo/Desktop/wulan/two/koa2yd/node_modules/_koa-simple-router@0.2.0@koa-simple-router/index.js:198:12)
    at /Users/pecoo/Desktop/wulan/two/koa2yd/node_modules/_koa-simple-router@0.2.0@koa-simple-router/index.js:138:21
    at dispatch (/Users/pecoo/Desktop/wulan/two/koa2yd/node_modules/_koa-compose@4.1.0@koa-compose/index.js:42:32)
    at app.use (/Users/pecoo/Desktop/wulan/two/koa2yd/middleawares/errorHandler.js:13:19)
    at dispatch (/Users/pecoo/Desktop/wulan/two/koa2yd/node_modules/_koa-compose@4.1.0@koa-compose/index.js:42:32)
    at app.use (/Users/pecoo/Desktop/wulan/two/koa2yd/middleawares/errorHandler.js:5:23)
    at dispatch (/Users/pecoo/Desktop/wulan/two/koa2yd/node_modules/_koa-compose@4.1.0@koa-compose/index.js:42:32)
    at /Users/pecoo/Desktop/wulan/two/koa2yd/node_modules/_koa-compose@4.1.0@koa-compose/index.js:34:12
[2018-12-04T19:41:31.630] [ERROR] cheese - ReferenceError: URLSearchParams is not defined
    at /Users/pecoo/Desktop/wulan/two/koa2yd/controllers/IndexController.js:27:28
    at dispatch (/Users/pecoo/Desktop/wulan/two/koa2yd/node_modules/_koa-simple-router@0.2.0@koa-simple-router/index.js:186:18)
    at Router._lookup (/Users/pecoo/Desktop/wulan/two/koa2yd/node_modules/_koa-simple-router@0.2.0@koa-simple-router/index.js:198:12)
    at /Users/pecoo/Desktop/wulan/two/koa2yd/node_modules/_koa-simple-router@0.2.0@koa-simple-router/index.js:138:21
    at dispatch (/Users/pecoo/Desktop/wulan/two/koa2yd/node_modules/_koa-compose@4.1.0@koa-compose/index.js:42:32)
    at app.use (/Users/pecoo/Desktop/wulan/two/koa2yd/middleawares/errorHandler.js:13:19)
    at dispatch (/Users/pecoo/Desktop/wulan/two/koa2yd/node_modules/_koa-compose@4.1.0@koa-compose/index.js:42:32)
    at app.use (/Users/pecoo/Desktop/wulan/two/koa2yd/middleawares/errorHandler.js:5:23)
    at dispatch (/Users/pecoo/Desktop/wulan/two/koa2yd/node_modules/_koa-compose@4.1.0@koa-compose/index.js:42:32)
    at /Users/pecoo/Desktop/wulan/two/koa2yd/node_modules/_koa-compose@4.1.0@koa-compose/index.js:34:12
[2018-12-04T19:41:31.833] [ERROR] cheese - ReferenceError: URLSearchParams is not defined
    at /Users/pecoo/Desktop/wulan/two/koa2yd/controllers/IndexController.js:27:28
    at dispatch (/Users/pecoo/Desktop/wulan/two/koa2yd/node_modules/_koa-simple-router@0.2.0@koa-simple-router/index.js:186:18)
    at Router._lookup (/Users/pecoo/Desktop/wulan/two/koa2yd/node_modules/_koa-simple-router@0.2.0@koa-simple-router/index.js:198:12)
    at /Users/pecoo/Desktop/wulan/two/koa2yd/node_modules/_koa-simple-router@0.2.0@koa-simple-router/index.js:138:21
    at dispatch (/Users/pecoo/Desktop/wulan/two/koa2yd/node_modules/_koa-compose@4.1.0@koa-compose/index.js:42:32)
    at app.use (/Users/pecoo/Desktop/wulan/two/koa2yd/middleawares/errorHandler.js:13:19)
    at dispatch (/Users/pecoo/Desktop/wulan/two/koa2yd/node_modules/_koa-compose@4.1.0@koa-compose/index.js:42:32)
    at app.use (/Users/pecoo/Desktop/wulan/two/koa2yd/middleawares/errorHandler.js:5:23)
    at dispatch (/Users/pecoo/Desktop/wulan/two/koa2yd/node_modules/_koa-compose@4.1.0@koa-compose/index.js:42:32)
    at /Users/pecoo/Desktop/wulan/two/koa2yd/node_modules/_koa-compose@4.1.0@koa-compose/index.js:34:12
[2018-12-04T19:41:32.085] [ERROR] cheese - ReferenceError: URLSearchParams is not defined
    at /Users/pecoo/Desktop/wulan/two/koa2yd/controllers/IndexController.js:27:28
    at dispatch (/Users/pecoo/Desktop/wulan/two/koa2yd/node_modules/_koa-simple-router@0.2.0@koa-simple-router/index.js:186:18)
    at Router._lookup (/Users/pecoo/Desktop/wulan/two/koa2yd/node_modules/_koa-simple-router@0.2.0@koa-simple-router/index.js:198:12)
    at /Users/pecoo/Desktop/wulan/two/koa2yd/node_modules/_koa-simple-router@0.2.0@koa-simple-router/index.js:138:21
    at dispatch (/Users/pecoo/Desktop/wulan/two/koa2yd/node_modules/_koa-compose@4.1.0@koa-compose/index.js:42:32)
    at app.use (/Users/pecoo/Desktop/wulan/two/koa2yd/middleawares/errorHandler.js:13:19)
    at dispatch (/Users/pecoo/Desktop/wulan/two/koa2yd/node_modules/_koa-compose@4.1.0@koa-compose/index.js:42:32)
    at app.use (/Users/pecoo/Desktop/wulan/two/koa2yd/middleawares/errorHandler.js:5:23)
    at dispatch (/Users/pecoo/Desktop/wulan/two/koa2yd/node_modules/_koa-compose@4.1.0@koa-compose/index.js:42:32)
    at /Users/pecoo/Desktop/wulan/two/koa2yd/node_modules/_koa-compose@4.1.0@koa-compose/index.js:34:12
[2018-12-04T19:41:32.298] [ERROR] cheese - ReferenceError: URLSearchParams is not defined
    at /Users/pecoo/Desktop/wulan/two/koa2yd/controllers/IndexController.js:27:28
    at dispatch (/Users/pecoo/Desktop/wulan/two/koa2yd/node_modules/_koa-simple-router@0.2.0@koa-simple-router/index.js:186:18)
    at Router._lookup (/Users/pecoo/Desktop/wulan/two/koa2yd/node_modules/_koa-simple-router@0.2.0@koa-simple-router/index.js:198:12)
    at /Users/pecoo/Desktop/wulan/two/koa2yd/node_modules/_koa-simple-router@0.2.0@koa-simple-router/index.js:138:21
    at dispatch (/Users/pecoo/Desktop/wulan/two/koa2yd/node_modules/_koa-compose@4.1.0@koa-compose/index.js:42:32)
    at app.use (/Users/pecoo/Desktop/wulan/two/koa2yd/middleawares/errorHandler.js:13:19)
    at dispatch (/Users/pecoo/Desktop/wulan/two/koa2yd/node_modules/_koa-compose@4.1.0@koa-compose/index.js:42:32)
    at app.use (/Users/pecoo/Desktop/wulan/two/koa2yd/middleawares/errorHandler.js:5:23)
    at dispatch (/Users/pecoo/Desktop/wulan/two/koa2yd/node_modules/_koa-compose@4.1.0@koa-compose/index.js:42:32)
    at /Users/pecoo/Desktop/wulan/two/koa2yd/node_modules/_koa-compose@4.1.0@koa-compose/index.js:34:12
[2018-12-04T19:41:42.125] [ERROR] cheese - ReferenceError: URLSearchParams is not defined
    at /Users/pecoo/Desktop/wulan/two/koa2yd/controllers/IndexController.js:27:28
    at dispatch (/Users/pecoo/Desktop/wulan/two/koa2yd/node_modules/_koa-simple-router@0.2.0@koa-simple-router/index.js:186:18)
    at Router._lookup (/Users/pecoo/Desktop/wulan/two/koa2yd/node_modules/_koa-simple-router@0.2.0@koa-simple-router/index.js:198:12)
    at /Users/pecoo/Desktop/wulan/two/koa2yd/node_modules/_koa-simple-router@0.2.0@koa-simple-router/index.js:138:21
    at dispatch (/Users/pecoo/Desktop/wulan/two/koa2yd/node_modules/_koa-compose@4.1.0@koa-compose/index.js:42:32)
    at app.use (/Users/pecoo/Desktop/wulan/two/koa2yd/middleawares/errorHandler.js:13:19)
    at dispatch (/Users/pecoo/Desktop/wulan/two/koa2yd/node_modules/_koa-compose@4.1.0@koa-compose/index.js:42:32)
    at app.use (/Users/pecoo/Desktop/wulan/two/koa2yd/middleawares/errorHandler.js:5:23)
    at dispatch (/Users/pecoo/Desktop/wulan/two/koa2yd/node_modules/_koa-compose@4.1.0@koa-compose/index.js:42:32)
    at /Users/pecoo/Desktop/wulan/two/koa2yd/node_modules/_koa-compose@4.1.0@koa-compose/index.js:34:12
[2018-12-04T19:41:42.983] [ERROR] cheese - ReferenceError: URLSearchParams is not defined
    at /Users/pecoo/Desktop/wulan/two/koa2yd/controllers/IndexController.js:27:28
    at dispatch (/Users/pecoo/Desktop/wulan/two/koa2yd/node_modules/_koa-simple-router@0.2.0@koa-simple-router/index.js:186:18)
    at Router._lookup (/Users/pecoo/Desktop/wulan/two/koa2yd/node_modules/_koa-simple-router@0.2.0@koa-simple-router/index.js:198:12)
    at /Users/pecoo/Desktop/wulan/two/koa2yd/node_modules/_koa-simple-router@0.2.0@koa-simple-router/index.js:138:21
    at dispatch (/Users/pecoo/Desktop/wulan/two/koa2yd/node_modules/_koa-compose@4.1.0@koa-compose/index.js:42:32)
    at app.use (/Users/pecoo/Desktop/wulan/two/koa2yd/middleawares/errorHandler.js:13:19)
    at dispatch (/Users/pecoo/Desktop/wulan/two/koa2yd/node_modules/_koa-compose@4.1.0@koa-compose/index.js:42:32)
    at app.use (/Users/pecoo/Desktop/wulan/two/koa2yd/middleawares/errorHandler.js:5:23)
    at dispatch (/Users/pecoo/Desktop/wulan/two/koa2yd/node_modules/_koa-compose@4.1.0@koa-compose/index.js:42:32)
    at /Users/pecoo/Desktop/wulan/two/koa2yd/node_modules/_koa-compose@4.1.0@koa-compose/index.js:34:12
[2018-12-04T19:43:22.017] [ERROR] cheese - ReferenceError: res is not defined
    at Promise (/Users/pecoo/Desktop/wulan/two/koa2yd/utils/SafeRequest.js:39:29)
    at new Promise (<anonymous>)
    at SafeRequest.fetch (/Users/pecoo/Desktop/wulan/two/koa2yd/utils/SafeRequest.js:14:16)
    at Index.saveData (/Users/pecoo/Desktop/wulan/two/koa2yd/models/Index.js:42:28)
    at /Users/pecoo/Desktop/wulan/two/koa2yd/controllers/IndexController.js:32:40
    at dispatch (/Users/pecoo/Desktop/wulan/two/koa2yd/node_modules/_koa-simple-router@0.2.0@koa-simple-router/index.js:186:18)
    at Router._lookup (/Users/pecoo/Desktop/wulan/two/koa2yd/node_modules/_koa-simple-router@0.2.0@koa-simple-router/index.js:198:12)
    at /Users/pecoo/Desktop/wulan/two/koa2yd/node_modules/_koa-simple-router@0.2.0@koa-simple-router/index.js:138:21
    at dispatch (/Users/pecoo/Desktop/wulan/two/koa2yd/node_modules/_koa-compose@4.1.0@koa-compose/index.js:42:32)
    at app.use (/Users/pecoo/Desktop/wulan/two/koa2yd/middleawares/errorHandler.js:13:19)
[2018-12-04T19:43:22.759] [ERROR] cheese - ReferenceError: res is not defined
    at Promise (/Users/pecoo/Desktop/wulan/two/koa2yd/utils/SafeRequest.js:39:29)
    at new Promise (<anonymous>)
    at SafeRequest.fetch (/Users/pecoo/Desktop/wulan/two/koa2yd/utils/SafeRequest.js:14:16)
    at Index.saveData (/Users/pecoo/Desktop/wulan/two/koa2yd/models/Index.js:42:28)
    at /Users/pecoo/Desktop/wulan/two/koa2yd/controllers/IndexController.js:32:40
    at dispatch (/Users/pecoo/Desktop/wulan/two/koa2yd/node_modules/_koa-simple-router@0.2.0@koa-simple-router/index.js:186:18)
    at Router._lookup (/Users/pecoo/Desktop/wulan/two/koa2yd/node_modules/_koa-simple-router@0.2.0@koa-simple-router/index.js:198:12)
    at /Users/pecoo/Desktop/wulan/two/koa2yd/node_modules/_koa-simple-router@0.2.0@koa-simple-router/index.js:138:21
    at dispatch (/Users/pecoo/Desktop/wulan/two/koa2yd/node_modules/_koa-compose@4.1.0@koa-compose/index.js:42:32)
    at app.use (/Users/pecoo/Desktop/wulan/two/koa2yd/middleawares/errorHandler.js:13:19)
[2018-12-04T19:46:24.140] [ERROR] cheese - ReferenceError: res is not defined
    at Promise (/Users/pecoo/Desktop/wulan/two/koa2yd/utils/SafeRequest.js:39:29)
    at new Promise (<anonymous>)
    at SafeRequest.fetch (/Users/pecoo/Desktop/wulan/two/koa2yd/utils/SafeRequest.js:14:16)
    at Index.saveData (/Users/pecoo/Desktop/wulan/two/koa2yd/models/Index.js:42:28)
    at /Users/pecoo/Desktop/wulan/two/koa2yd/controllers/IndexController.js:31:40
    at dispatch (/Users/pecoo/Desktop/wulan/two/koa2yd/node_modules/_koa-simple-router@0.2.0@koa-simple-router/index.js:186:18)
    at Router._lookup (/Users/pecoo/Desktop/wulan/two/koa2yd/node_modules/_koa-simple-router@0.2.0@koa-simple-router/index.js:198:12)
    at /Users/pecoo/Desktop/wulan/two/koa2yd/node_modules/_koa-simple-router@0.2.0@koa-simple-router/index.js:138:21
    at dispatch (/Users/pecoo/Desktop/wulan/two/koa2yd/node_modules/_koa-compose@4.1.0@koa-compose/index.js:42:32)
    at app.use (/Users/pecoo/Desktop/wulan/two/koa2yd/middleawares/errorHandler.js:13:19)
[2018-12-04T19:46:58.867] [ERROR] cheese - ReferenceError: res is not defined
    at Promise (/Users/pecoo/Desktop/wulan/two/koa2yd/utils/SafeRequest.js:39:29)
    at new Promise (<anonymous>)
    at SafeRequest.fetch (/Users/pecoo/Desktop/wulan/two/koa2yd/utils/SafeRequest.js:14:16)
    at Index.saveData (/Users/pecoo/Desktop/wulan/two/koa2yd/models/Index.js:42:28)
    at /Users/pecoo/Desktop/wulan/two/koa2yd/controllers/IndexController.js:31:40
    at dispatch (/Users/pecoo/Desktop/wulan/two/koa2yd/node_modules/_koa-simple-router@0.2.0@koa-simple-router/index.js:186:18)
    at Router._lookup (/Users/pecoo/Desktop/wulan/two/koa2yd/node_modules/_koa-simple-router@0.2.0@koa-simple-router/index.js:198:12)
    at /Users/pecoo/Desktop/wulan/two/koa2yd/node_modules/_koa-simple-router@0.2.0@koa-simple-router/index.js:138:21
    at dispatch (/Users/pecoo/Desktop/wulan/two/koa2yd/node_modules/_koa-compose@4.1.0@koa-compose/index.js:42:32)
    at app.use (/Users/pecoo/Desktop/wulan/two/koa2yd/middleawares/errorHandler.js:13:19)
[2018-12-04T19:52:03.621] [ERROR] cheese - ReferenceError: res is not defined
    at Promise (/Users/pecoo/Desktop/wulan/two/koa2yd/utils/SafeRequest.js:39:29)
    at new Promise (<anonymous>)
    at SafeRequest.fetch (/Users/pecoo/Desktop/wulan/two/koa2yd/utils/SafeRequest.js:14:16)
    at Index.getData (/Users/pecoo/Desktop/wulan/two/koa2yd/models/Index.js:26:28)
    at /Users/pecoo/Desktop/wulan/two/koa2yd/controllers/IndexController.js:12:40
    at dispatch (/Users/pecoo/Desktop/wulan/two/koa2yd/node_modules/_koa-simple-router@0.2.0@koa-simple-router/index.js:186:18)
    at Router._lookup (/Users/pecoo/Desktop/wulan/two/koa2yd/node_modules/_koa-simple-router@0.2.0@koa-simple-router/index.js:198:12)
    at /Users/pecoo/Desktop/wulan/two/koa2yd/node_modules/_koa-simple-router@0.2.0@koa-simple-router/index.js:138:21
    at dispatch (/Users/pecoo/Desktop/wulan/two/koa2yd/node_modules/_koa-compose@4.1.0@koa-compose/index.js:42:32)
    at app.use (/Users/pecoo/Desktop/wulan/two/koa2yd/middleawares/errorHandler.js:13:19)
[2018-12-04T19:52:06.357] [ERROR] cheese - ReferenceError: res is not defined
    at Promise (/Users/pecoo/Desktop/wulan/two/koa2yd/utils/SafeRequest.js:39:29)
    at new Promise (<anonymous>)
    at SafeRequest.fetch (/Users/pecoo/Desktop/wulan/two/koa2yd/utils/SafeRequest.js:14:16)
    at Index.getData (/Users/pecoo/Desktop/wulan/two/koa2yd/models/Index.js:26:28)
    at /Users/pecoo/Desktop/wulan/two/koa2yd/controllers/IndexController.js:12:40
    at dispatch (/Users/pecoo/Desktop/wulan/two/koa2yd/node_modules/_koa-simple-router@0.2.0@koa-simple-router/index.js:186:18)
    at Router._lookup (/Users/pecoo/Desktop/wulan/two/koa2yd/node_modules/_koa-simple-router@0.2.0@koa-simple-router/index.js:198:12)
    at /Users/pecoo/Desktop/wulan/two/koa2yd/node_modules/_koa-simple-router@0.2.0@koa-simple-router/index.js:138:21
    at dispatch (/Users/pecoo/Desktop/wulan/two/koa2yd/node_modules/_koa-compose@4.1.0@koa-compose/index.js:42:32)
    at app.use (/Users/pecoo/Desktop/wulan/two/koa2yd/middleawares/errorHandler.js:13:19)
[2018-12-04T19:52:24.163] [ERROR] cheese - ReferenceError: res is not defined
    at Promise (/Users/pecoo/Desktop/wulan/two/koa2yd/utils/SafeRequest.js:39:29)
    at new Promise (<anonymous>)
    at SafeRequest.fetch (/Users/pecoo/Desktop/wulan/two/koa2yd/utils/SafeRequest.js:14:16)
    at Index.getData (/Users/pecoo/Desktop/wulan/two/koa2yd/models/Index.js:26:28)
    at /Users/pecoo/Desktop/wulan/two/koa2yd/controllers/IndexController.js:12:40
    at dispatch (/Users/pecoo/Desktop/wulan/two/koa2yd/node_modules/_koa-simple-router@0.2.0@koa-simple-router/index.js:186:18)
    at Router._lookup (/Users/pecoo/Desktop/wulan/two/koa2yd/node_modules/_koa-simple-router@0.2.0@koa-simple-router/index.js:198:12)
    at /Users/pecoo/Desktop/wulan/two/koa2yd/node_modules/_koa-simple-router@0.2.0@koa-simple-router/index.js:138:21
    at dispatch (/Users/pecoo/Desktop/wulan/two/koa2yd/node_modules/_koa-compose@4.1.0@koa-compose/index.js:42:32)
    at app.use (/Users/pecoo/Desktop/wulan/two/koa2yd/middleawares/errorHandler.js:13:19)
[2018-12-04T19:52:24.901] [ERROR] cheese - ReferenceError: res is not defined
    at Promise (/Users/pecoo/Desktop/wulan/two/koa2yd/utils/SafeRequest.js:39:29)
    at new Promise (<anonymous>)
    at SafeRequest.fetch (/Users/pecoo/Desktop/wulan/two/koa2yd/utils/SafeRequest.js:14:16)
    at Index.getData (/Users/pecoo/Desktop/wulan/two/koa2yd/models/Index.js:26:28)
    at /Users/pecoo/Desktop/wulan/two/koa2yd/controllers/IndexController.js:12:40
    at dispatch (/Users/pecoo/Desktop/wulan/two/koa2yd/node_modules/_koa-simple-router@0.2.0@koa-simple-router/index.js:186:18)
    at Router._lookup (/Users/pecoo/Desktop/wulan/two/koa2yd/node_modules/_koa-simple-router@0.2.0@koa-simple-router/index.js:198:12)
    at /Users/pecoo/Desktop/wulan/two/koa2yd/node_modules/_koa-simple-router@0.2.0@koa-simple-router/index.js:138:21
    at dispatch (/Users/pecoo/Desktop/wulan/two/koa2yd/node_modules/_koa-compose@4.1.0@koa-compose/index.js:42:32)
    at app.use (/Users/pecoo/Desktop/wulan/two/koa2yd/middleawares/errorHandler.js:13:19)
[2018-12-04T19:52:25.118] [ERROR] cheese - ReferenceError: res is not defined
    at Promise (/Users/pecoo/Desktop/wulan/two/koa2yd/utils/SafeRequest.js:39:29)
    at new Promise (<anonymous>)
    at SafeRequest.fetch (/Users/pecoo/Desktop/wulan/two/koa2yd/utils/SafeRequest.js:14:16)
    at Index.getData (/Users/pecoo/Desktop/wulan/two/koa2yd/models/Index.js:26:28)
    at /Users/pecoo/Desktop/wulan/two/koa2yd/controllers/IndexController.js:12:40
    at dispatch (/Users/pecoo/Desktop/wulan/two/koa2yd/node_modules/_koa-simple-router@0.2.0@koa-simple-router/index.js:186:18)
    at Router._lookup (/Users/pecoo/Desktop/wulan/two/koa2yd/node_modules/_koa-simple-router@0.2.0@koa-simple-router/index.js:198:12)
    at /Users/pecoo/Desktop/wulan/two/koa2yd/node_modules/_koa-simple-router@0.2.0@koa-simple-router/index.js:138:21
    at dispatch (/Users/pecoo/Desktop/wulan/two/koa2yd/node_modules/_koa-compose@4.1.0@koa-compose/index.js:42:32)
    at app.use (/Users/pecoo/Desktop/wulan/two/koa2yd/middleawares/errorHandler.js:13:19)
[2018-12-04T19:52:51.359] [ERROR] cheese - ReferenceError: res is not defined
    at Promise (/Users/pecoo/Desktop/wulan/two/koa2yd/utils/SafeRequest.js:39:29)
    at new Promise (<anonymous>)
    at SafeRequest.fetch (/Users/pecoo/Desktop/wulan/two/koa2yd/utils/SafeRequest.js:14:16)
    at Index.getData (/Users/pecoo/Desktop/wulan/two/koa2yd/models/Index.js:26:28)
    at /Users/pecoo/Desktop/wulan/two/koa2yd/controllers/IndexController.js:12:40
    at dispatch (/Users/pecoo/Desktop/wulan/two/koa2yd/node_modules/_koa-simple-router@0.2.0@koa-simple-router/index.js:186:18)
    at Router._lookup (/Users/pecoo/Desktop/wulan/two/koa2yd/node_modules/_koa-simple-router@0.2.0@koa-simple-router/index.js:198:12)
    at /Users/pecoo/Desktop/wulan/two/koa2yd/node_modules/_koa-simple-router@0.2.0@koa-simple-router/index.js:138:21
    at dispatch (/Users/pecoo/Desktop/wulan/two/koa2yd/node_modules/_koa-compose@4.1.0@koa-compose/index.js:42:32)
    at app.use (/Users/pecoo/Desktop/wulan/two/koa2yd/middleawares/errorHandler.js:13:19)
[2018-12-04T19:52:51.981] [ERROR] cheese - ReferenceError: res is not defined
    at Promise (/Users/pecoo/Desktop/wulan/two/koa2yd/utils/SafeRequest.js:39:29)
    at new Promise (<anonymous>)
    at SafeRequest.fetch (/Users/pecoo/Desktop/wulan/two/koa2yd/utils/SafeRequest.js:14:16)
    at Index.getData (/Users/pecoo/Desktop/wulan/two/koa2yd/models/Index.js:26:28)
    at /Users/pecoo/Desktop/wulan/two/koa2yd/controllers/IndexController.js:12:40
    at dispatch (/Users/pecoo/Desktop/wulan/two/koa2yd/node_modules/_koa-simple-router@0.2.0@koa-simple-router/index.js:186:18)
    at Router._lookup (/Users/pecoo/Desktop/wulan/two/koa2yd/node_modules/_koa-simple-router@0.2.0@koa-simple-router/index.js:198:12)
    at /Users/pecoo/Desktop/wulan/two/koa2yd/node_modules/_koa-simple-router@0.2.0@koa-simple-router/index.js:138:21
    at dispatch (/Users/pecoo/Desktop/wulan/two/koa2yd/node_modules/_koa-compose@4.1.0@koa-compose/index.js:42:32)
    at app.use (/Users/pecoo/Desktop/wulan/two/koa2yd/middleawares/errorHandler.js:13:19)
[2018-12-04T19:53:31.482] [ERROR] cheese - ReferenceError: res is not defined
    at Promise (/Users/pecoo/Desktop/wulan/two/koa2yd/utils/SafeRequest.js:39:29)
    at new Promise (<anonymous>)
    at SafeRequest.fetch (/Users/pecoo/Desktop/wulan/two/koa2yd/utils/SafeRequest.js:14:16)
    at Index.getData (/Users/pecoo/Desktop/wulan/two/koa2yd/models/Index.js:26:28)
    at /Users/pecoo/Desktop/wulan/two/koa2yd/controllers/IndexController.js:12:40
    at dispatch (/Users/pecoo/Desktop/wulan/two/koa2yd/node_modules/_koa-simple-router@0.2.0@koa-simple-router/index.js:186:18)
    at Router._lookup (/Users/pecoo/Desktop/wulan/two/koa2yd/node_modules/_koa-simple-router@0.2.0@koa-simple-router/index.js:198:12)
    at /Users/pecoo/Desktop/wulan/two/koa2yd/node_modules/_koa-simple-router@0.2.0@koa-simple-router/index.js:138:21
    at dispatch (/Users/pecoo/Desktop/wulan/two/koa2yd/node_modules/_koa-compose@4.1.0@koa-compose/index.js:42:32)
    at app.use (/Users/pecoo/Desktop/wulan/two/koa2yd/middleawares/errorHandler.js:13:19)
[2018-12-04T19:53:56.289] [ERROR] cheese - ReferenceError: res is not defined
    at Promise (/Users/pecoo/Desktop/wulan/two/koa2yd/utils/SafeRequest.js:39:29)
    at new Promise (<anonymous>)
    at SafeRequest.fetch (/Users/pecoo/Desktop/wulan/two/koa2yd/utils/SafeRequest.js:14:16)
    at Index.getData (/Users/pecoo/Desktop/wulan/two/koa2yd/models/Index.js:26:28)
    at /Users/pecoo/Desktop/wulan/two/koa2yd/controllers/IndexController.js:12:40
    at dispatch (/Users/pecoo/Desktop/wulan/two/koa2yd/node_modules/_koa-simple-router@0.2.0@koa-simple-router/index.js:186:18)
    at Router._lookup (/Users/pecoo/Desktop/wulan/two/koa2yd/node_modules/_koa-simple-router@0.2.0@koa-simple-router/index.js:198:12)
    at /Users/pecoo/Desktop/wulan/two/koa2yd/node_modules/_koa-simple-router@0.2.0@koa-simple-router/index.js:138:21
    at dispatch (/Users/pecoo/Desktop/wulan/two/koa2yd/node_modules/_koa-compose@4.1.0@koa-compose/index.js:42:32)
    at app.use (/Users/pecoo/Desktop/wulan/two/koa2yd/middleawares/errorHandler.js:13:19)
[2018-12-04T19:53:56.986] [ERROR] cheese - ReferenceError: res is not defined
    at Promise (/Users/pecoo/Desktop/wulan/two/koa2yd/utils/SafeRequest.js:39:29)
    at new Promise (<anonymous>)
    at SafeRequest.fetch (/Users/pecoo/Desktop/wulan/two/koa2yd/utils/SafeRequest.js:14:16)
    at Index.getData (/Users/pecoo/Desktop/wulan/two/koa2yd/models/Index.js:26:28)
    at /Users/pecoo/Desktop/wulan/two/koa2yd/controllers/IndexController.js:12:40
    at dispatch (/Users/pecoo/Desktop/wulan/two/koa2yd/node_modules/_koa-simple-router@0.2.0@koa-simple-router/index.js:186:18)
    at Router._lookup (/Users/pecoo/Desktop/wulan/two/koa2yd/node_modules/_koa-simple-router@0.2.0@koa-simple-router/index.js:198:12)
    at /Users/pecoo/Desktop/wulan/two/koa2yd/node_modules/_koa-simple-router@0.2.0@koa-simple-router/index.js:138:21
    at dispatch (/Users/pecoo/Desktop/wulan/two/koa2yd/node_modules/_koa-compose@4.1.0@koa-compose/index.js:42:32)
    at app.use (/Users/pecoo/Desktop/wulan/two/koa2yd/middleawares/errorHandler.js:13:19)
[2018-12-04T19:53:57.170] [ERROR] cheese - ReferenceError: res is not defined
    at Promise (/Users/pecoo/Desktop/wulan/two/koa2yd/utils/SafeRequest.js:39:29)
    at new Promise (<anonymous>)
    at SafeRequest.fetch (/Users/pecoo/Desktop/wulan/two/koa2yd/utils/SafeRequest.js:14:16)
    at Index.getData (/Users/pecoo/Desktop/wulan/two/koa2yd/models/Index.js:26:28)
    at /Users/pecoo/Desktop/wulan/two/koa2yd/controllers/IndexController.js:12:40
    at dispatch (/Users/pecoo/Desktop/wulan/two/koa2yd/node_modules/_koa-simple-router@0.2.0@koa-simple-router/index.js:186:18)
    at Router._lookup (/Users/pecoo/Desktop/wulan/two/koa2yd/node_modules/_koa-simple-router@0.2.0@koa-simple-router/index.js:198:12)
    at /Users/pecoo/Desktop/wulan/two/koa2yd/node_modules/_koa-simple-router@0.2.0@koa-simple-router/index.js:138:21
    at dispatch (/Users/pecoo/Desktop/wulan/two/koa2yd/node_modules/_koa-compose@4.1.0@koa-compose/index.js:42:32)
    at app.use (/Users/pecoo/Desktop/wulan/two/koa2yd/middleawares/errorHandler.js:13:19)
[2018-12-04T19:53:57.361] [ERROR] cheese - ReferenceError: res is not defined
    at Promise (/Users/pecoo/Desktop/wulan/two/koa2yd/utils/SafeRequest.js:39:29)
    at new Promise (<anonymous>)
    at SafeRequest.fetch (/Users/pecoo/Desktop/wulan/two/koa2yd/utils/SafeRequest.js:14:16)
    at Index.getData (/Users/pecoo/Desktop/wulan/two/koa2yd/models/Index.js:26:28)
    at /Users/pecoo/Desktop/wulan/two/koa2yd/controllers/IndexController.js:12:40
    at dispatch (/Users/pecoo/Desktop/wulan/two/koa2yd/node_modules/_koa-simple-router@0.2.0@koa-simple-router/index.js:186:18)
    at Router._lookup (/Users/pecoo/Desktop/wulan/two/koa2yd/node_modules/_koa-simple-router@0.2.0@koa-simple-router/index.js:198:12)
    at /Users/pecoo/Desktop/wulan/two/koa2yd/node_modules/_koa-simple-router@0.2.0@koa-simple-router/index.js:138:21
    at dispatch (/Users/pecoo/Desktop/wulan/two/koa2yd/node_modules/_koa-compose@4.1.0@koa-compose/index.js:42:32)
    at app.use (/Users/pecoo/Desktop/wulan/two/koa2yd/middleawares/errorHandler.js:13:19)
[2018-12-04T19:53:57.538] [ERROR] cheese - ReferenceError: res is not defined
    at Promise (/Users/pecoo/Desktop/wulan/two/koa2yd/utils/SafeRequest.js:39:29)
    at new Promise (<anonymous>)
    at SafeRequest.fetch (/Users/pecoo/Desktop/wulan/two/koa2yd/utils/SafeRequest.js:14:16)
    at Index.getData (/Users/pecoo/Desktop/wulan/two/koa2yd/models/Index.js:26:28)
    at /Users/pecoo/Desktop/wulan/two/koa2yd/controllers/IndexController.js:12:40
    at dispatch (/Users/pecoo/Desktop/wulan/two/koa2yd/node_modules/_koa-simple-router@0.2.0@koa-simple-router/index.js:186:18)
    at Router._lookup (/Users/pecoo/Desktop/wulan/two/koa2yd/node_modules/_koa-simple-router@0.2.0@koa-simple-router/index.js:198:12)
    at /Users/pecoo/Desktop/wulan/two/koa2yd/node_modules/_koa-simple-router@0.2.0@koa-simple-router/index.js:138:21
    at dispatch (/Users/pecoo/Desktop/wulan/two/koa2yd/node_modules/_koa-compose@4.1.0@koa-compose/index.js:42:32)
    at app.use (/Users/pecoo/Desktop/wulan/two/koa2yd/middleawares/errorHandler.js:13:19)
[2018-12-04T19:53:57.710] [ERROR] cheese - ReferenceError: res is not defined
    at Promise (/Users/pecoo/Desktop/wulan/two/koa2yd/utils/SafeRequest.js:39:29)
    at new Promise (<anonymous>)
    at SafeRequest.fetch (/Users/pecoo/Desktop/wulan/two/koa2yd/utils/SafeRequest.js:14:16)
    at Index.getData (/Users/pecoo/Desktop/wulan/two/koa2yd/models/Index.js:26:28)
    at /Users/pecoo/Desktop/wulan/two/koa2yd/controllers/IndexController.js:12:40
    at dispatch (/Users/pecoo/Desktop/wulan/two/koa2yd/node_modules/_koa-simple-router@0.2.0@koa-simple-router/index.js:186:18)
    at Router._lookup (/Users/pecoo/Desktop/wulan/two/koa2yd/node_modules/_koa-simple-router@0.2.0@koa-simple-router/index.js:198:12)
    at /Users/pecoo/Desktop/wulan/two/koa2yd/node_modules/_koa-simple-router@0.2.0@koa-simple-router/index.js:138:21
    at dispatch (/Users/pecoo/Desktop/wulan/two/koa2yd/node_modules/_koa-compose@4.1.0@koa-compose/index.js:42:32)
    at app.use (/Users/pecoo/Desktop/wulan/two/koa2yd/middleawares/errorHandler.js:13:19)
[2018-12-11T18:05:20.317] [ERROR] cheese - { code: 1, message: 'node-fetch!', data: [] }
[2018-12-11T18:06:37.783] [ERROR] cheese - { code: 1, message: 'node-fetch!', data: [] }
[2018-12-11T18:06:45.356] [ERROR] cheese - { code: 1, message: 'node-fetch!', data: [] }
[2018-12-11T18:06:46.064] [ERROR] cheese - { code: 1, message: 'node-fetch!', data: [] }
[2018-12-11T18:06:46.257] [ERROR] cheese - { code: 1, message: 'node-fetch!', data: [] }
[2018-12-11T18:06:46.455] [ERROR] cheese - { code: 1, message: 'node-fetch!', data: [] }
[2018-12-11T18:06:46.645] [ERROR] cheese - { code: 1, message: 'node-fetch!', data: [] }
[2018-12-11T18:07:22.673] [ERROR] cheese - { code: 1, message: 'node-fetch!', data: [] }
[2018-12-11T18:07:23.321] [ERROR] cheese - { code: 1, message: 'node-fetch!', data: [] }
[2018-12-11T18:07:23.517] [ERROR] cheese - { code: 1, message: 'node-fetch!', data: [] }
[2018-12-11T18:07:23.711] [ERROR] cheese - { code: 1, message: 'node-fetch!', data: [] }
[2018-12-11T18:07:23.895] [ERROR] cheese - { code: 1, message: 'node-fetch!', data: [] }
